Code Snippets Execution Log - Wed Sep 17 22:44:41 UTC 2025
================================================
[1/22] Processing: information/get_version
======================================
    Checking sz-rust-sdk v0.1.0 (/home/bmacy/open_dev/sz-rust-sdk)
    Checking get_version v0.1.0 (/home/bmacy/open_dev/sz-rust-sdk/code-snippets/rust/snippets/information/get_version)
    Finished `dev` profile [unoptimized + debuginfo] target(s) in 0.17s
   Compiling sz-rust-sdk v0.1.0 (/home/bmacy/open_dev/sz-rust-sdk)
   Compiling get_version v0.1.0 (/home/bmacy/open_dev/sz-rust-sdk/code-snippets/rust/snippets/information/get_version)
    Finished `dev` profile [unoptimized + debuginfo] target(s) in 0.41s
     Running `target/debug/main`
Created test database: /tmp/senzing_test_1866334669059ff8.db
Setting up initial configuration in database...
âœ… Initial configuration setup complete with ID: 3075461135
Using shared test database: /tmp/senzing_test_1866334669059ff8.db
Getting singleton SzEnvironmentCore instance with isolated database
Creating singleton SzEnvironmentCore instance...
Retrieving Senzing version and license information...

--- Version Information ---
Build Version: 4.1.0.DEVELOPMENT_VERSION
Build Date: 2025-09-16
Build Number: DEVELOPMENT_VERSION
Config Compatibility Version: DEVELOPMENT_VERSION

Raw Version JSON:
{
  "BUILD_DATE": "2025-09-16",
  "BUILD_NUMBER": "DEVELOPMENT_VERSION",
  "BUILD_VERSION": "4.1.0.DEVELOPMENT_VERSION",
  "COMPATIBILITY_VERSION": {
    "CONFIG_VERSION": "DEVELOPMENT_VERSION"
  },
  "PRODUCT_NAME": "Senzing SDK",
  "SCHEMA_VERSION": {
    "ENGINE_SCHEMA_VERSION": "4.1",
    "MAXIMUM_REQUIRED_SCHEMA_VERSION": "4.99",
    "MINIMUM_REQUIRED_SCHEMA_VERSION": "4.0"
  },
  "VERSION": "4.1.0"
}

--- License Information ---
Customer: 
Contract: 
Issue Date: 2025-09-16
License Type: EVAL (Solely for non-productive use)
License Level: 
Billing: 
Expiration Date: 2026-09-17
Record Limit: 500

Raw License JSON:
{
  "advSearch": 0,
  "billing": "",
  "contract": "",
  "customer": "",
  "expireDate": "2026-09-17",
  "issueDate": "2025-09-16",
  "licenseLevel": "",
  "licenseType": "EVAL (Solely for non-productive use)",
  "recordLimit": 500
}
âœ… Version information retrieved successfully!
Cleaning up environment for configuration reinitialization...
Destroying global SzEnvironmentCore instance and all modules...
âœ… Global SzEnvironmentCore instance destroyed completely
âœ… Environment cleanup complete
[2/22] Processing: information/get_license
======================================
    Checking sz-rust-sdk v0.1.0 (/home/bmacy/open_dev/sz-rust-sdk)
    Checking get_license v0.1.0 (/home/bmacy/open_dev/sz-rust-sdk/code-snippets/rust/snippets/information/get_license)
    Finished `dev` profile [unoptimized + debuginfo] target(s) in 0.15s
   Compiling sz-rust-sdk v0.1.0 (/home/bmacy/open_dev/sz-rust-sdk)
   Compiling get_license v0.1.0 (/home/bmacy/open_dev/sz-rust-sdk/code-snippets/rust/snippets/information/get_license)
    Finished `dev` profile [unoptimized + debuginfo] target(s) in 0.42s
     Running `target/debug/main`
Created test database: /tmp/senzing_test_18663346ee514377.db
Setting up initial configuration in database...
âœ… Initial configuration setup complete with ID: 3075461135
Using shared test database: /tmp/senzing_test_18663346ee514377.db
Getting singleton SzEnvironmentCore instance with isolated database
Creating singleton SzEnvironmentCore instance...
Get License Information Example
===============================

1. Retrieving license information...
Raw license information:
{"customer":"","contract":"","issueDate":"2025-09-16","licenseType":"EVAL (Solely for non-productive use)","licenseLevel":"","billing":"","expireDate":"2026-09-17","recordLimit":500,"advSearch":0}

2. Parsed license details:
ðŸ“‹ Customer: 
ðŸ“„ License Type: EVAL (Solely for non-productive use)
ðŸ“Š Record Limit: 500

3. Related version information:
ðŸ·ï¸  Product: Senzing SDK
ðŸ”¢ Version: 4.1.0
ðŸ—ï¸  Build: 4.1.0.DEVELOPMENT_VERSION
ðŸ“… Build Date: 2025-09-16
âš™ï¸  Config Version: DEVELOPMENT_VERSION
Cleaning up environment for configuration reinitialization...
Destroying global SzEnvironmentCore instance and all modules...
âœ… Global SzEnvironmentCore instance destroyed completely
âœ… Environment cleanup complete

âœ… Get License example completed successfully!
[3/22] Processing: initialization/environment_and_hubs
======================================
    Checking sz-rust-sdk v0.1.0 (/home/bmacy/open_dev/sz-rust-sdk)
    Checking environment_and_hubs v0.1.0 (/home/bmacy/open_dev/sz-rust-sdk/code-snippets/rust/snippets/initialization/environment_and_hubs)
    Finished `dev` profile [unoptimized + debuginfo] target(s) in 0.15s
   Compiling sz-rust-sdk v0.1.0 (/home/bmacy/open_dev/sz-rust-sdk)
   Compiling environment_and_hubs v0.1.0 (/home/bmacy/open_dev/sz-rust-sdk/code-snippets/rust/snippets/initialization/environment_and_hubs)
    Finished `dev` profile [unoptimized + debuginfo] target(s) in 0.40s
     Running `target/debug/main`
Created test database: /tmp/senzing_test_1866334772f6db3a.db
Setting up initial configuration in database...
âœ… Initial configuration setup complete with ID: 3075461135
Using shared test database: /tmp/senzing_test_1866334772f6db3a.db
Getting singleton SzEnvironmentCore instance with isolated database
Creating singleton SzEnvironmentCore instance...
Accessing Senzing hub components...
âœ“ Product hub: Pointer { addr: 0x1, metadata: DynMetadata(0x5e8e5971b1b8) }
âœ“ Config Manager hub: Pointer { addr: 0x5e8e7af8b7a0, metadata: DynMetadata(0x5e8e5971b318) }
âœ“ Diagnostic hub: Pointer { addr: 0x5e8e7afcc260, metadata: DynMetadata(0x5e8e5971b3a8) }
âœ“ Engine hub: Pointer { addr: 0x1, metadata: DynMetadata(0x5e8e5971b1f8) }

âœ… All hub components successfully accessed!
These hub handles are valid until environment cleanup is called.
Cleaning up environment for configuration reinitialization...
Destroying global SzEnvironmentCore instance and all modules...
âœ… Global SzEnvironmentCore instance destroyed completely
âœ… Environment cleanup complete
[4/22] Processing: initialization/engine_priming
======================================
    Checking sz-rust-sdk v0.1.0 (/home/bmacy/open_dev/sz-rust-sdk)
    Checking engine_priming v0.1.0 (/home/bmacy/open_dev/sz-rust-sdk/code-snippets/rust/snippets/initialization/engine_priming)
    Finished `dev` profile [unoptimized + debuginfo] target(s) in 0.15s
   Compiling sz-rust-sdk v0.1.0 (/home/bmacy/open_dev/sz-rust-sdk)
   Compiling engine_priming v0.1.0 (/home/bmacy/open_dev/sz-rust-sdk/code-snippets/rust/snippets/initialization/engine_priming)
    Finished `dev` profile [unoptimized + debuginfo] target(s) in 0.39s
     Running `target/debug/main`
Created test database: /tmp/senzing_test_1866334804db7774.db
Setting up initial configuration in database...
âœ… Initial configuration setup complete with ID: 3075461135
Using shared test database: /tmp/senzing_test_1866334804db7774.db
Getting singleton SzEnvironmentCore instance with isolated database
Creating singleton SzEnvironmentCore instance...
Starting engine priming...
Primed Senzing engine. (7345 ms)
Cleaning up environment for configuration reinitialization...
Destroying global SzEnvironmentCore instance and all modules...
âœ… Global SzEnvironmentCore instance destroyed completely
âœ… Environment cleanup complete
[5/22] Processing: configuration/init_default_config
======================================
    Checking sz-rust-sdk v0.1.0 (/home/bmacy/open_dev/sz-rust-sdk)
    Checking init_default_config v0.1.0 (/home/bmacy/open_dev/sz-rust-sdk/code-snippets/rust/snippets/configuration/init_default_config)
    Finished `dev` profile [unoptimized + debuginfo] target(s) in 0.15s
   Compiling sz-rust-sdk v0.1.0 (/home/bmacy/open_dev/sz-rust-sdk)
   Compiling init_default_config v0.1.0 (/home/bmacy/open_dev/sz-rust-sdk/code-snippets/rust/snippets/configuration/init_default_config)
    Finished `dev` profile [unoptimized + debuginfo] target(s) in 0.41s
     Running `target/debug/main`
Initializing default configuration...
Created test database: /tmp/senzing_test_1866334a76a144a6.db
Setting up initial configuration in database...
âœ… Initial configuration setup complete with ID: 3075461135
Using shared test database: /tmp/senzing_test_1866334a76a144a6.db
Getting singleton SzEnvironmentCore instance with isolated database
Creating singleton SzEnvironmentCore instance...
âœ… Engine initialized with default configuration
Active configuration ID: 0
Testing configuration with a simple search...
âœ… Configuration test successful
Search results: {"RESOLVED_ENTITIES":[],"SEARCH_STATISTICS":[{"CANDIDATE_KEYS":{"FEATURE_TYPES":[{"FTYPE_CODE":"NAME_KEY","FOUND":0,"NOT_FOUND":1,"GENERIC":0}],"SUMMARY":{"FOUND":0,"NOT_FOUND":1,"GENERIC":0}}}]}
âœ… Default configuration has been initialized and verified
Cleaning up environment for configuration reinitialization...
Destroying global SzEnvironmentCore instance and all modules...
âœ… Global SzEnvironmentCore instance destroyed completely
âœ… Environment cleanup complete
[6/22] Processing: configuration/register_data_sources
======================================
    Checking sz-rust-sdk v0.1.0 (/home/bmacy/open_dev/sz-rust-sdk)
    Checking register_data_sources v0.1.0 (/home/bmacy/open_dev/sz-rust-sdk/code-snippets/rust/snippets/configuration/register_data_sources)
    Finished `dev` profile [unoptimized + debuginfo] target(s) in 0.15s
   Compiling sz-rust-sdk v0.1.0 (/home/bmacy/open_dev/sz-rust-sdk)
   Compiling register_data_sources v0.1.0 (/home/bmacy/open_dev/sz-rust-sdk/code-snippets/rust/snippets/configuration/register_data_sources)
    Finished `dev` profile [unoptimized + debuginfo] target(s) in 0.40s
     Running `target/debug/main`
Registering data sources...
Created test database: /tmp/senzing_test_1866334b09042edc.db
Setting up initial configuration in database...
âœ… Initial configuration setup complete with ID: 3075461135
Using shared test database: /tmp/senzing_test_1866334b09042edc.db
Getting singleton SzEnvironmentCore instance with isolated database
Creating singleton SzEnvironmentCore instance...
âœ… Engine initialized with default data sources
Testing data source: CUSTOMERS
âš ï¸  Data source CUSTOMERS test failed: Configuration error: SENZ2207|Data source code [CUSTOMERS] does not exist.
Testing data source: EMPLOYEES
âš ï¸  Data source EMPLOYEES test failed: Configuration error: SENZ2207|Data source code [EMPLOYEES] does not exist.
Testing search operation to verify configuration...
âœ… Search operation successful
Search results: {"RESOLVED_ENTITIES":[],"SEARCH_STATISTICS":[{"CANDIDATE_KEYS":{"FEATURE_TYPES":[{"FTYPE_CODE":"NAME_KEY","FOUND":0,"NOT_FOUND":1,"GENERIC":0}],"SUMMARY":{"FOUND":0,"NOT_FOUND":1,"GENERIC":0}}}]}
âœ… Data source registration and verification completed
Cleaning up environment for configuration reinitialization...
Destroying global SzEnvironmentCore instance and all modules...
âœ… Global SzEnvironmentCore instance destroyed completely
âœ… Environment cleanup complete
[7/22] Processing: loading/load_records
======================================
    Checking sz-rust-sdk v0.1.0 (/home/bmacy/open_dev/sz-rust-sdk)
    Checking load_records v0.1.0 (/home/bmacy/open_dev/sz-rust-sdk/code-snippets/rust/snippets/loading/load_records)
    Finished `dev` profile [unoptimized + debuginfo] target(s) in 0.15s
   Compiling sz-rust-sdk v0.1.0 (/home/bmacy/open_dev/sz-rust-sdk)
   Compiling load_records v0.1.0 (/home/bmacy/open_dev/sz-rust-sdk/code-snippets/rust/snippets/loading/load_records)
    Finished `dev` profile [unoptimized + debuginfo] target(s) in 0.41s
     Running `target/debug/main`
Created test database: /tmp/senzing_test_1866334b9d092498.db
Setting up initial configuration in database...
âœ… Initial configuration setup complete with ID: 3075461135
Using shared test database: /tmp/senzing_test_1866334b9d092498.db
Getting singleton SzEnvironmentCore instance with isolated database
Creating singleton SzEnvironmentCore instance...
Loading records into Senzing repository...
Record 1002 added
Record 1001 added
Record 2001 added
Record 2002 added
âœ… All records loaded successfully!
Cleaning up environment for configuration reinitialization...
Destroying global SzEnvironmentCore instance and all modules...
âœ… Global SzEnvironmentCore instance destroyed completely
âœ… Environment cleanup complete
[8/22] Processing: loading/load_via_loop
======================================
    Checking sz-rust-sdk v0.1.0 (/home/bmacy/open_dev/sz-rust-sdk)
    Checking load_via_loop v0.1.0 (/home/bmacy/open_dev/sz-rust-sdk/code-snippets/rust/snippets/loading/load_via_loop)
    Finished `dev` profile [unoptimized + debuginfo] target(s) in 0.15s
   Compiling sz-rust-sdk v0.1.0 (/home/bmacy/open_dev/sz-rust-sdk)
   Compiling load_via_loop v0.1.0 (/home/bmacy/open_dev/sz-rust-sdk/code-snippets/rust/snippets/loading/load_via_loop)
    Finished `dev` profile [unoptimized + debuginfo] target(s) in 0.42s
     Running `target/debug/main`
Created test database: /tmp/senzing_test_1866334cb65b7de7.db
Setting up initial configuration in database...
âœ… Initial configuration setup complete with ID: 3075461135
Using shared test database: /tmp/senzing_test_1866334cb65b7de7.db
Getting singleton SzEnvironmentCore instance with isolated database
Creating singleton SzEnvironmentCore instance...
Loading 50 test records using loop pattern...
Processed 10 records successfully
Processed 20 records successfully
Processed 30 records successfully
Processed 40 records successfully
Processed 50 records successfully

âœ… Processing completed!
Records processed successfully: 50
Records with errors: 0
Records written to retry file: 0
Cleaning up environment for configuration reinitialization...
Destroying global SzEnvironmentCore instance and all modules...
âœ… Global SzEnvironmentCore instance destroyed completely
âœ… Environment cleanup complete
[9/22] Processing: loading/load_via_loop_threadpool
======================================
    Checking sz-rust-sdk v0.1.0 (/home/bmacy/open_dev/sz-rust-sdk)
    Checking load_via_loop_threadpool v0.1.0 (/home/bmacy/open_dev/sz-rust-sdk/code-snippets/rust/snippets/loading/load_via_loop_threadpool)
    Finished `dev` profile [unoptimized + debuginfo] target(s) in 0.14s
   Compiling sz-rust-sdk v0.1.0 (/home/bmacy/open_dev/sz-rust-sdk)
   Compiling load_via_loop_threadpool v0.1.0 (/home/bmacy/open_dev/sz-rust-sdk/code-snippets/rust/snippets/loading/load_via_loop_threadpool)
    Finished `dev` profile [unoptimized + debuginfo] target(s) in 0.43s
     Running `target/debug/main`
Created test database: /tmp/senzing_test_1866334f311ea5ff.db
Setting up initial configuration in database...
âœ… Initial configuration setup complete with ID: 3075461135
Using shared test database: /tmp/senzing_test_1866334f311ea5ff.db
Getting singleton SzEnvironmentCore instance with isolated database
Creating singleton SzEnvironmentCore instance...
Thread Pool Load Via Loop Example
==================================
Loading 100 records using 4 OS threads for maximum performance
Starting 4 worker threads...
Generating 100 load tasks...
Processed 25 records successfully
Waiting for all workers to complete...
Processed 50 records successfully
Processed 75 records successfully
Worker 1 finished
Worker 2 finished
Worker 3 finished
Processed 100 records successfully
Worker 0 finished

âœ… Thread pool loading completed!
Total time: 7.95 seconds
Records loaded: 100
Errors encountered: 0
Worker threads used: 4
Average loading rate: 12.58 records/second
Per-thread rate: 3.15 records/second/thread
Cleaning up environment for configuration reinitialization...
Destroying global SzEnvironmentCore instance and all modules...
âœ… Global SzEnvironmentCore instance destroyed completely
âœ… Environment cleanup complete
[10/22] Processing: searching/search_records
======================================
    Checking sz-rust-sdk v0.1.0 (/home/bmacy/open_dev/sz-rust-sdk)
    Checking search_records v0.1.0 (/home/bmacy/open_dev/sz-rust-sdk/code-snippets/rust/snippets/searching/search_records)
    Finished `dev` profile [unoptimized + debuginfo] target(s) in 0.20s
   Compiling sz-rust-sdk v0.1.0 (/home/bmacy/open_dev/sz-rust-sdk)
   Compiling search_records v0.1.0 (/home/bmacy/open_dev/sz-rust-sdk/code-snippets/rust/snippets/searching/search_records)
    Finished `dev` profile [unoptimized + debuginfo] target(s) in 0.41s
     Running `target/debug/main`
Created test database: /tmp/senzing_test_18663351c4784511.db
Setting up initial configuration in database...
âœ… Initial configuration setup complete with ID: 3075461135
Using shared test database: /tmp/senzing_test_18663351c4784511.db
Getting singleton SzEnvironmentCore instance with isolated database
Creating singleton SzEnvironmentCore instance...
Searching for records in Senzing repository...

--- Searching by Attributes ---
Searching for: {
        "NAME_FIRST": "John",
        "NAME_LAST": "Smith"
    }
Found 0 matching entities:

--- Searching with Entity Details ---
Searching for: {
        "EMAIL_ADDRESS": "john.smith@example.com"
    }
Found 0 entities with detailed information:
âœ… All searches completed successfully!
Cleaning up environment for configuration reinitialization...
Destroying global SzEnvironmentCore instance and all modules...
âœ… Global SzEnvironmentCore instance destroyed completely
âœ… Environment cleanup complete
[11/22] Processing: searching/search_threadpool
======================================
    Checking sz-rust-sdk v0.1.0 (/home/bmacy/open_dev/sz-rust-sdk)
    Checking search_threadpool v0.1.0 (/home/bmacy/open_dev/sz-rust-sdk/code-snippets/rust/snippets/searching/search_threadpool)
warning: field `search_id` is never read
  --> src/main.rs:36:5
   |
35 | struct SearchResult {
   |        ------------ field in this struct
36 |     search_id: usize,
   |     ^^^^^^^^^
   |
   = note: `SearchResult` has derived impls for the traits `Clone` and `Debug`, but these are intentionally ignored during dead code analysis
   = note: `#[warn(dead_code)]` on by default

warning: `search_threadpool` (bin "main") generated 1 warning
    Finished `dev` profile [unoptimized + debuginfo] target(s) in 0.16s
   Compiling sz-rust-sdk v0.1.0 (/home/bmacy/open_dev/sz-rust-sdk)
   Compiling search_threadpool v0.1.0 (/home/bmacy/open_dev/sz-rust-sdk/code-snippets/rust/snippets/searching/search_threadpool)
warning: field `search_id` is never read
  --> src/main.rs:36:5
   |
35 | struct SearchResult {
   |        ------------ field in this struct
36 |     search_id: usize,
   |     ^^^^^^^^^
   |
   = note: `SearchResult` has derived impls for the traits `Clone` and `Debug`, but these are intentionally ignored during dead code analysis
   = note: `#[warn(dead_code)]` on by default

warning: `search_threadpool` (bin "main") generated 1 warning
    Finished `dev` profile [unoptimized + debuginfo] target(s) in 0.42s
     Running `target/debug/main`
Created test database: /tmp/senzing_test_1866335257052dbb.db
Setting up initial configuration in database...
âœ… Initial configuration setup complete with ID: 3075461135
Using shared test database: /tmp/senzing_test_1866335257052dbb.db
Getting singleton SzEnvironmentCore instance with isolated database
Creating singleton SzEnvironmentCore instance...
Thread Pool Search Example
===========================
Executing 20 search queries using 4 OS threads for maximum performance

1. Loading test data for searching...
Loaded 5 test records for searching

2. Starting 4 worker threads for concurrent search operations...

3. Generating 20 search tasks...
Waiting for all workers to complete...
Worker 2: Completed 5 searches
Worker 3: Completed 10 searches
Worker 0: Completed 15 searches
Worker 2 finished
Worker 0 finished
Worker 3 finished
Worker 1: Completed 20 searches
Worker 1 finished

4. Search Results Analysis:
ðŸ“Š Search Performance Analysis:
  Searches executed: 20
  Total matches found: 6
  Average search time: 1123.55ms
  Fastest search: Domain Search #7 (0ms)
  Slowest search: Combined Search #5 (5618ms)
  Most productive: Combined Search #5 (1 matches)
  Concurrent efficiency: 4.00x faster than sequential

âœ… Thread pool search operations completed!
Total time: 5.62 seconds
Searches completed: 20
Total matches found: 6
Errors encountered: 0
Worker threads used: 4
Average search rate: 3.56 searches/second
Per-thread rate: 0.89 searches/second/thread
Cleaning up environment for configuration reinitialization...
Destroying global SzEnvironmentCore instance and all modules...
âœ… Global SzEnvironmentCore instance destroyed completely
âœ… Environment cleanup complete
[12/22] Processing: searching/why_search
======================================
    Checking sz-rust-sdk v0.1.0 (/home/bmacy/open_dev/sz-rust-sdk)
    Checking why_search v0.1.0 (/home/bmacy/open_dev/sz-rust-sdk/code-snippets/rust/snippets/searching/why_search)
    Finished `dev` profile [unoptimized + debuginfo] target(s) in 0.16s
   Compiling sz-rust-sdk v0.1.0 (/home/bmacy/open_dev/sz-rust-sdk)
   Compiling why_search v0.1.0 (/home/bmacy/open_dev/sz-rust-sdk/code-snippets/rust/snippets/searching/why_search)
    Finished `dev` profile [unoptimized + debuginfo] target(s) in 0.42s
     Running `target/debug/main`
Created test database: /tmp/senzing_test_186633544b328a5b.db
Setting up initial configuration in database...
âœ… Initial configuration setup complete with ID: 3075461135
Using shared test database: /tmp/senzing_test_186633544b328a5b.db
Getting singleton SzEnvironmentCore instance with isolated database
Creating singleton SzEnvironmentCore instance...
Demonstrating 'Why Search' functionality...

--- Performing Search with 'Why' Analysis ---
Search criteria: {
        "NAME_FIRST": "John",
        "NAME_LAST": "Smith",
        "PHONE_NUMBER": "555-1234"
    }
No entities found to analyze.
âœ… Why search analysis completed successfully!
Cleaning up environment for configuration reinitialization...
Destroying global SzEnvironmentCore instance and all modules...
âœ… Global SzEnvironmentCore instance destroyed completely
âœ… Environment cleanup complete
[13/22] Processing: information/database_demo
======================================
    Checking sz-rust-sdk v0.1.0 (/home/bmacy/open_dev/sz-rust-sdk)
    Checking database_demo v0.1.0 (/home/bmacy/open_dev/sz-rust-sdk/code-snippets/rust/snippets/information/database_demo)
warning: function `display_operation_stats` is never used
  --> src/main.rs:93:4
   |
93 | fn display_operation_stats(operation_name: &str, stats: &Value) {
   |    ^^^^^^^^^^^^^^^^^^^^^^^
   |
   = note: `#[warn(dead_code)]` on by default

warning: `database_demo` (bin "main") generated 1 warning
    Finished `dev` profile [unoptimized + debuginfo] target(s) in 0.17s
   Compiling sz-rust-sdk v0.1.0 (/home/bmacy/open_dev/sz-rust-sdk)
   Compiling database_demo v0.1.0 (/home/bmacy/open_dev/sz-rust-sdk/code-snippets/rust/snippets/information/database_demo)
warning: function `display_operation_stats` is never used
  --> src/main.rs:93:4
   |
93 | fn display_operation_stats(operation_name: &str, stats: &Value) {
   |    ^^^^^^^^^^^^^^^^^^^^^^^
   |
   = note: `#[warn(dead_code)]` on by default

warning: `database_demo` (bin "main") generated 1 warning
    Finished `dev` profile [unoptimized + debuginfo] target(s) in 0.41s
     Running `target/debug/main`
Created test database: /tmp/senzing_test_18663354df4d400a.db
Setting up initial configuration in database...
âœ… Initial configuration setup complete with ID: 3075461135
Using shared test database: /tmp/senzing_test_18663354df4d400a.db
Getting singleton SzEnvironmentCore instance with isolated database
Creating singleton SzEnvironmentCore instance...
Retrieving database and system information...

--- Repository Information ---

--- Database Performance Check ---
Repository Performance Check Results:
{
  "insertTime": 1000,
  "numRecordsInserted": 138370
}

Feature information not available: Configuration error: Native error (code: -2)

--- Active Configuration ---
Active Config ID: 3075461135
âœ… Database information retrieved successfully!
Cleaning up environment for configuration reinitialization...
Destroying global SzEnvironmentCore instance and all modules...
âœ… Global SzEnvironmentCore instance destroyed completely
âœ… Environment cleanup complete
[14/22] Processing: deleting/delete_records
======================================
    Checking sz-rust-sdk v0.1.0 (/home/bmacy/open_dev/sz-rust-sdk)
    Checking delete_records v0.1.0 (/home/bmacy/open_dev/sz-rust-sdk/code-snippets/rust/snippets/deleting/delete_records)
    Finished `dev` profile [unoptimized + debuginfo] target(s) in 0.15s
   Compiling sz-rust-sdk v0.1.0 (/home/bmacy/open_dev/sz-rust-sdk)
   Compiling delete_records v0.1.0 (/home/bmacy/open_dev/sz-rust-sdk/code-snippets/rust/snippets/deleting/delete_records)
    Finished `dev` profile [unoptimized + debuginfo] target(s) in 0.41s
     Running `target/debug/main`
Created test database: /tmp/senzing_test_18663355ac04f6f8.db
Setting up initial configuration in database...
âœ… Initial configuration setup complete with ID: 3075461135
Using shared test database: /tmp/senzing_test_18663355ac04f6f8.db
Getting singleton SzEnvironmentCore instance with isolated database
Creating singleton SzEnvironmentCore instance...
Demonstrating record deletion functionality...

--- Loading Test Records for Deletion ---
Loaded record DEL_003 from TEST
Loaded record DEL_001 from TEST
Loaded record DEL_002 from TEST
Loaded 3 test records for deletion

--- Deleting Test Records ---
Deleting record DEL_002 from TEST...
  âœ“ Successfully deleted record DEL_002
  âš  Unexpected error when verifying deletion: Unknown error: get_record not yet implemented
Deleting record DEL_001 from TEST...
  âœ“ Successfully deleted record DEL_001
  âš  Unexpected error when verifying deletion: Unknown error: get_record not yet implemented
Deleting record DEL_003 from TEST...
  âœ“ Successfully deleted record DEL_003
  âš  Unexpected error when verifying deletion: Unknown error: get_record not yet implemented
All test records deleted successfully
âœ… Record deletion demonstration completed successfully!
Cleaning up environment for configuration reinitialization...
Destroying global SzEnvironmentCore instance and all modules...
âœ… Global SzEnvironmentCore instance destroyed completely
âœ… Environment cleanup complete
[15/22] Processing: deleting/delete_via_loop
======================================
    Checking sz-rust-sdk v0.1.0 (/home/bmacy/open_dev/sz-rust-sdk)
    Checking delete_via_loop v0.1.0 (/home/bmacy/open_dev/sz-rust-sdk/code-snippets/rust/snippets/deleting/delete_via_loop)
warning: unused import: `serde_json::Value`
  --> src/main.rs:10:5
   |
10 | use serde_json::Value;
   |     ^^^^^^^^^^^^^^^^^
   |
   = note: `#[warn(unused_imports)]` on by default

warning: `delete_via_loop` (bin "main") generated 1 warning (run `cargo fix --bin "main"` to apply 1 suggestion)
    Finished `dev` profile [unoptimized + debuginfo] target(s) in 0.15s
   Compiling sz-rust-sdk v0.1.0 (/home/bmacy/open_dev/sz-rust-sdk)
   Compiling delete_via_loop v0.1.0 (/home/bmacy/open_dev/sz-rust-sdk/code-snippets/rust/snippets/deleting/delete_via_loop)
warning: unused import: `serde_json::Value`
  --> src/main.rs:10:5
   |
10 | use serde_json::Value;
   |     ^^^^^^^^^^^^^^^^^
   |
   = note: `#[warn(unused_imports)]` on by default

warning: `delete_via_loop` (bin "main") generated 1 warning (run `cargo fix --bin "main"` to apply 1 suggestion)
    Finished `dev` profile [unoptimized + debuginfo] target(s) in 0.41s
     Running `target/debug/main`
Created test database: /tmp/senzing_test_18663356c68d7cd5.db
Setting up initial configuration in database...
âœ… Initial configuration setup complete with ID: 3075461135
Using shared test database: /tmp/senzing_test_18663356c68d7cd5.db
Getting singleton SzEnvironmentCore instance with isolated database
Creating singleton SzEnvironmentCore instance...
Delete Via Loop Example
=======================
This example will create 200 test records and then delete them in batches.

1. Creating test records...
Created 50 of 200 records...
Created 100 of 200 records...
Created 150 of 200 records...
Created 200 of 200 records...
Created 200 records in 10.95 seconds

2. Starting batch deletion process...

Processing batch: records 1 to 50
Progress: 25/200 processed (25 deleted, 0 errors, 0 retries)
Progress: 50/200 processed (50 deleted, 0 errors, 0 retries)
Batch completed: 50 deleted, 0 errors in 0.03 seconds

Processing batch: records 51 to 100
Progress: 75/200 processed (75 deleted, 0 errors, 0 retries)
Progress: 100/200 processed (100 deleted, 0 errors, 0 retries)
Batch completed: 50 deleted, 0 errors in 0.03 seconds

Processing batch: records 101 to 150
Progress: 125/200 processed (125 deleted, 0 errors, 0 retries)
Progress: 150/200 processed (150 deleted, 0 errors, 0 retries)
Batch completed: 50 deleted, 0 errors in 0.03 seconds

Processing batch: records 151 to 200
Progress: 175/200 processed (175 deleted, 0 errors, 0 retries)
Progress: 200/200 processed (200 deleted, 0 errors, 0 retries)
Batch completed: 50 deleted, 0 errors in 0.03 seconds

3. Deletion Results:
Total records deleted: 200
Total errors encountered: 0
Total retries performed: 0
Deletion time: 0.31 seconds
Average deletion rate: 638.44 records/second

4. Verifying deletion completion...
âœ… Verification passed: No remaining test records found
Cleaning up environment for configuration reinitialization...
Destroying global SzEnvironmentCore instance and all modules...
âœ… Global SzEnvironmentCore instance destroyed completely
âœ… Environment cleanup complete

âœ… Delete Via Loop example completed successfully!
[16/22] Processing: redo/load_with_redo_via_loop
======================================
    Checking sz-rust-sdk v0.1.0 (/home/bmacy/open_dev/sz-rust-sdk)
    Checking load_with_redo_via_loop v0.1.0 (/home/bmacy/open_dev/sz-rust-sdk/code-snippets/rust/snippets/redo/load_with_redo_via_loop)
    Finished `dev` profile [unoptimized + debuginfo] target(s) in 0.16s
   Compiling sz-rust-sdk v0.1.0 (/home/bmacy/open_dev/sz-rust-sdk)
   Compiling load_with_redo_via_loop v0.1.0 (/home/bmacy/open_dev/sz-rust-sdk/code-snippets/rust/snippets/redo/load_with_redo_via_loop)
    Finished `dev` profile [unoptimized + debuginfo] target(s) in 0.41s
     Running `target/debug/main`
Created test database: /tmp/senzing_test_1866335a24ca642a.db
Setting up initial configuration in database...
âœ… Initial configuration setup complete with ID: 3075461135
Using shared test database: /tmp/senzing_test_1866335a24ca642a.db
Getting singleton SzEnvironmentCore instance with isolated database
Creating singleton SzEnvironmentCore instance...
Loading records and processing redo operations...
Loading file: ../../resources/data/truthset/customers.jsonl
âš ï¸  File not found: ../../resources/data/truthset/customers.jsonl (skipping)
Loading file: ../../resources/data/truthset/reference.jsonl
âš ï¸  File not found: ../../resources/data/truthset/reference.jsonl (skipping)
Loading file: ../../resources/data/truthset/watchlist.jsonl
âš ï¸  File not found: ../../resources/data/truthset/watchlist.jsonl (skipping)
Processing redo records...
Redo processing iteration: 1
No more redo records to process
Redo processing completed after 0 iterations

âœ… Processing completed!
Records loaded successfully: 0
Records with errors: 0
Redo records processed: 0
Records written to retry file: 0
Cleaning up environment for configuration reinitialization...
Destroying global SzEnvironmentCore instance and all modules...
âœ… Global SzEnvironmentCore instance destroyed completely
âœ… Environment cleanup complete
[17/22] Processing: redo/redo_continuous
======================================
    Checking sz-rust-sdk v0.1.0 (/home/bmacy/open_dev/sz-rust-sdk)
    Checking redo_continuous v0.1.0 (/home/bmacy/open_dev/sz-rust-sdk/code-snippets/rust/snippets/redo/redo_continuous)
    Finished `dev` profile [unoptimized + debuginfo] target(s) in 0.18s
   Compiling sz-rust-sdk v0.1.0 (/home/bmacy/open_dev/sz-rust-sdk)
   Compiling redo_continuous v0.1.0 (/home/bmacy/open_dev/sz-rust-sdk/code-snippets/rust/snippets/redo/redo_continuous)
    Finished `dev` profile [unoptimized + debuginfo] target(s) in 0.49s
     Running `target/debug/main`
Created test database: /tmp/senzing_test_1866335ac0b5973a.db
Setting up initial configuration in database...
âœ… Initial configuration setup complete with ID: 3075461135
Using shared test database: /tmp/senzing_test_1866335ac0b5973a.db
Getting singleton SzEnvironmentCore instance with isolated database
Creating singleton SzEnvironmentCore instance...
Starting continuous redo processing...
Press Ctrl+C to stop (or will auto-stop after 30 seconds)
Processing redo: REDO_627334527 from REDO_SOURCE (reason: ENTITY_RESOLUTION_UPDATE)
Processing redo: REDO_1265572665 from REDO_SOURCE (reason: ENTITY_RESOLUTION_UPDATE)
Processing redo: REDO_2820250772 from REDO_SOURCE (reason: ENTITY_RESOLUTION_UPDATE)
Processing redo: REDO_1572167561 from REDO_SOURCE (reason: ENTITY_RESOLUTION_UPDATE)
Processing redo: REDO_3290593051 from REDO_SOURCE (reason: ENTITY_RESOLUTION_UPDATE)
Processing redo: REDO_2556012203 from REDO_SOURCE (reason: ENTITY_RESOLUTION_UPDATE)
Processing redo: REDO_122781499 from REDO_SOURCE (reason: ENTITY_RESOLUTION_UPDATE)
Processing redo: REDO_765864037 from REDO_SOURCE (reason: ENTITY_RESOLUTION_UPDATE)
Processing redo: REDO_4016653707 from REDO_SOURCE (reason: ENTITY_RESOLUTION_UPDATE)
Processing redo: REDO_806543743 from REDO_SOURCE (reason: ENTITY_RESOLUTION_UPDATE)
Processed 10 redo records (runtime: 18.4s)
Processing redo: REDO_237844296 from REDO_SOURCE (reason: ENTITY_RESOLUTION_UPDATE)
Processing redo: REDO_1028830778 from REDO_SOURCE (reason: ENTITY_RESOLUTION_UPDATE)
Processing redo: REDO_1251215349 from REDO_SOURCE (reason: ENTITY_RESOLUTION_UPDATE)
Processing redo: REDO_2833600264 from REDO_SOURCE (reason: ENTITY_RESOLUTION_UPDATE)
Processing redo: REDO_2858090709 from REDO_SOURCE (reason: ENTITY_RESOLUTION_UPDATE)
Processing redo: REDO_2406424343 from REDO_SOURCE (reason: ENTITY_RESOLUTION_UPDATE)
Processing redo: REDO_86549980 from REDO_SOURCE (reason: ENTITY_RESOLUTION_UPDATE)
Reached maximum runtime of 30 seconds

âœ… Continuous redo processing completed!
Runtime: 30.02 seconds
Redo records processed: 17
Errors encountered: 0
Average processing rate: 0.57 records/second
Cleaning up environment for configuration reinitialization...
Destroying global SzEnvironmentCore instance and all modules...
âœ… Global SzEnvironmentCore instance destroyed completely
âœ… Environment cleanup complete
[18/22] Processing: redo/redo_continuous_via_futures
======================================
    Checking sz-rust-sdk v0.1.0 (/home/bmacy/open_dev/sz-rust-sdk)
    Checking redo_continuous_via_threadpool v0.1.0 (/home/bmacy/open_dev/sz-rust-sdk/code-snippets/rust/snippets/redo/redo_continuous_via_futures)
warning: constant `CHANNEL_BUFFER_SIZE` is never used
  --> src/main.rs:25:7
   |
25 | const CHANNEL_BUFFER_SIZE: usize = 100; // Channel buffer size
   |       ^^^^^^^^^^^^^^^^^^^
   |
   = note: `#[warn(dead_code)]` on by default

warning: `redo_continuous_via_threadpool` (bin "main") generated 1 warning
    Finished `dev` profile [unoptimized + debuginfo] target(s) in 0.16s
   Compiling sz-rust-sdk v0.1.0 (/home/bmacy/open_dev/sz-rust-sdk)
   Compiling redo_continuous_via_threadpool v0.1.0 (/home/bmacy/open_dev/sz-rust-sdk/code-snippets/rust/snippets/redo/redo_continuous_via_futures)
warning: constant `CHANNEL_BUFFER_SIZE` is never used
  --> src/main.rs:25:7
   |
25 | const CHANNEL_BUFFER_SIZE: usize = 100; // Channel buffer size
   |       ^^^^^^^^^^^^^^^^^^^
   |
   = note: `#[warn(dead_code)]` on by default

warning: `redo_continuous_via_threadpool` (bin "main") generated 1 warning
    Finished `dev` profile [unoptimized + debuginfo] target(s) in 0.50s
     Running `target/debug/main`
Created test database: /tmp/senzing_test_18663362565f36f4.db
Setting up initial configuration in database...
âœ… Initial configuration setup complete with ID: 3075461135
Using shared test database: /tmp/senzing_test_18663362565f36f4.db
Getting singleton SzEnvironmentCore instance with isolated database
Creating singleton SzEnvironmentCore instance...
Starting thread pool continuous redo processing...
Using 4 OS threads for maximum Senzing performance
Press Ctrl+C to stop (or will auto-stop after 30 seconds)
Thread pool processing redo: THREADPOOL_REDO_595560947 from TEST (reason: THREADPOOL_ENTITY_RESOLUTION_UPDATE)
Thread pool processing redo: THREADPOOL_REDO_274773064 from TEST (reason: THREADPOOL_ENTITY_RESOLUTION_UPDATE)
Thread pool processing redo: THREADPOOL_REDO_718747020 from TEST (reason: THREADPOOL_ENTITY_RESOLUTION_UPDATE)
Thread pool processing redo: THREADPOOL_REDO_1902927596 from TEST (reason: THREADPOOL_ENTITY_RESOLUTION_UPDATE)
Thread pool processing redo: THREADPOOL_REDO_309736861 from TEST (reason: THREADPOOL_ENTITY_RESOLUTION_UPDATE)
Thread pool processing redo: THREADPOOL_REDO_2388320775 from TEST (reason: THREADPOOL_ENTITY_RESOLUTION_UPDATE)
Thread pool processing redo: THREADPOOL_REDO_807876702 from TEST (reason: THREADPOOL_ENTITY_RESOLUTION_UPDATE)
Thread pool processing redo: THREADPOOL_REDO_392840319 from TEST (reason: THREADPOOL_ENTITY_RESOLUTION_UPDATE)
Thread pool processing redo: THREADPOOL_REDO_70945647 from TEST (reason: THREADPOOL_ENTITY_RESOLUTION_UPDATE)
Thread pool processing redo: THREADPOOL_REDO_2597308463 from TEST (reason: THREADPOOL_ENTITY_RESOLUTION_UPDATE)
Thread pool processing redo: THREADPOOL_REDO_2778338019 from TEST (reason: THREADPOOL_ENTITY_RESOLUTION_UPDATE)
Thread pool processing redo: THREADPOOL_REDO_921804342 from TEST (reason: THREADPOOL_ENTITY_RESOLUTION_UPDATE)
Thread pool processing redo: THREADPOOL_REDO_2122305608 from TEST (reason: THREADPOOL_ENTITY_RESOLUTION_UPDATE)
Thread pool processing redo: THREADPOOL_REDO_1594828081 from TEST (reason: THREADPOOL_ENTITY_RESOLUTION_UPDATE)
Thread pool processing redo: THREADPOOL_REDO_1126490869 from TEST (reason: THREADPOOL_ENTITY_RESOLUTION_UPDATE)
Thread pool processing redo: THREADPOOL_REDO_3813637290 from TEST (reason: THREADPOOL_ENTITY_RESOLUTION_UPDATE)
Thread pool processing redo: THREADPOOL_REDO_2793050057 from TEST (reason: THREADPOOL_ENTITY_RESOLUTION_UPDATE)
Thread pool processing redo: THREADPOOL_REDO_2816656160 from TEST (reason: THREADPOOL_ENTITY_RESOLUTION_UPDATE)
Thread pool processing redo: THREADPOOL_REDO_4268425726 from TEST (reason: THREADPOOL_ENTITY_RESOLUTION_UPDATE)
Thread pool processing redo: THREADPOOL_REDO_2702440245 from TEST (reason: THREADPOOL_ENTITY_RESOLUTION_UPDATE)
Thread pool processing redo: THREADPOOL_REDO_53474464 from TEST (reason: THREADPOOL_ENTITY_RESOLUTION_UPDATE)
Thread pool processing redo: THREADPOOL_REDO_3481659046 from TEST (reason: THREADPOOL_ENTITY_RESOLUTION_UPDATE)
Thread pool processing redo: THREADPOOL_REDO_501666025 from TEST (reason: THREADPOOL_ENTITY_RESOLUTION_UPDATE)
Thread pool processing redo: THREADPOOL_REDO_1914210958 from TEST (reason: THREADPOOL_ENTITY_RESOLUTION_UPDATE)
Thread pool processing redo: THREADPOOL_REDO_1878853647 from TEST (reason: THREADPOOL_ENTITY_RESOLUTION_UPDATE)
Thread pool processing redo: THREADPOOL_REDO_4241951209 from TEST (reason: THREADPOOL_ENTITY_RESOLUTION_UPDATE)
Thread pool processing redo: THREADPOOL_REDO_2718835672 from TEST (reason: THREADPOOL_ENTITY_RESOLUTION_UPDATE)
Thread pool processing redo: THREADPOOL_REDO_931320660 from TEST (reason: THREADPOOL_ENTITY_RESOLUTION_UPDATE)
Thread pool processing redo: THREADPOOL_REDO_1714117223 from TEST (reason: THREADPOOL_ENTITY_RESOLUTION_UPDATE)
Thread pool processing redo: THREADPOOL_REDO_2752238140 from TEST (reason: THREADPOOL_ENTITY_RESOLUTION_UPDATE)
Thread pool processing redo: THREADPOOL_REDO_912784446 from TEST (reason: THREADPOOL_ENTITY_RESOLUTION_UPDATE)
Thread pool processing redo: THREADPOOL_REDO_1397675615 from TEST (reason: THREADPOOL_ENTITY_RESOLUTION_UPDATE)
Thread pool processing redo: THREADPOOL_REDO_1822391232 from TEST (reason: THREADPOOL_ENTITY_RESOLUTION_UPDATE)
Thread pool processing redo: THREADPOOL_REDO_4277617639 from TEST (reason: THREADPOOL_ENTITY_RESOLUTION_UPDATE)
Thread pool processing redo: THREADPOOL_REDO_168058544 from TEST (reason: THREADPOOL_ENTITY_RESOLUTION_UPDATE)
Thread pool processing redo: THREADPOOL_REDO_4219917345 from TEST (reason: THREADPOOL_ENTITY_RESOLUTION_UPDATE)
Thread pool processing redo: THREADPOOL_REDO_1756168004 from TEST (reason: THREADPOOL_ENTITY_RESOLUTION_UPDATE)
Thread pool processing redo: THREADPOOL_REDO_2217197249 from TEST (reason: THREADPOOL_ENTITY_RESOLUTION_UPDATE)
Thread pool processing redo: THREADPOOL_REDO_3364761980 from TEST (reason: THREADPOOL_ENTITY_RESOLUTION_UPDATE)
Thread pool processing redo: THREADPOOL_REDO_3978973965 from TEST (reason: THREADPOOL_ENTITY_RESOLUTION_UPDATE)
Thread pool processing redo: THREADPOOL_REDO_2126254375 from TEST (reason: THREADPOOL_ENTITY_RESOLUTION_UPDATE)
Thread pool processing redo: THREADPOOL_REDO_812848169 from TEST (reason: THREADPOOL_ENTITY_RESOLUTION_UPDATE)
Thread pool processing redo: THREADPOOL_REDO_3011283486 from TEST (reason: THREADPOOL_ENTITY_RESOLUTION_UPDATE)
Thread pool processing redo: THREADPOOL_REDO_4050433220 from TEST (reason: THREADPOOL_ENTITY_RESOLUTION_UPDATE)
Thread pool processing redo: THREADPOOL_REDO_1942476213 from TEST (reason: THREADPOOL_ENTITY_RESOLUTION_UPDATE)
Thread pool processing redo: THREADPOOL_REDO_1239309797 from TEST (reason: THREADPOOL_ENTITY_RESOLUTION_UPDATE)
Thread pool processing redo: THREADPOOL_REDO_3561004136 from TEST (reason: THREADPOOL_ENTITY_RESOLUTION_UPDATE)
Thread pool processing redo: THREADPOOL_REDO_3414004308 from TEST (reason: THREADPOOL_ENTITY_RESOLUTION_UPDATE)
Thread pool processing redo: THREADPOOL_REDO_862697900 from TEST (reason: THREADPOOL_ENTITY_RESOLUTION_UPDATE)
ðŸ“Š Stats: 49 processed, 0 errors, 12.2 rec/sec (runtime: 4.0s)
Thread pool processing redo: THREADPOOL_REDO_693942144 from TEST (reason: THREADPOOL_ENTITY_RESOLUTION_UPDATE)
Thread pool processing redo: THREADPOOL_REDO_902949809 from TEST (reason: THREADPOOL_ENTITY_RESOLUTION_UPDATE)
Thread pool processing redo: THREADPOOL_REDO_3052874284 from TEST (reason: THREADPOOL_ENTITY_RESOLUTION_UPDATE)
Thread pool processing redo: THREADPOOL_REDO_636423697 from TEST (reason: THREADPOOL_ENTITY_RESOLUTION_UPDATE)
Thread pool processing redo: THREADPOOL_REDO_254452635 from TEST (reason: THREADPOOL_ENTITY_RESOLUTION_UPDATE)
Thread pool processing redo: THREADPOOL_REDO_2842354400 from TEST (reason: THREADPOOL_ENTITY_RESOLUTION_UPDATE)
Thread pool processing redo: THREADPOOL_REDO_1126825847 from TEST (reason: THREADPOOL_ENTITY_RESOLUTION_UPDATE)
Thread pool processing redo: THREADPOOL_REDO_1787034326 from TEST (reason: THREADPOOL_ENTITY_RESOLUTION_UPDATE)
Thread pool processing redo: THREADPOOL_REDO_998547613 from TEST (reason: THREADPOOL_ENTITY_RESOLUTION_UPDATE)
Thread pool processing redo: THREADPOOL_REDO_683730801 from TEST (reason: THREADPOOL_ENTITY_RESOLUTION_UPDATE)
Thread pool processing redo: THREADPOOL_REDO_1104112909 from TEST (reason: THREADPOOL_ENTITY_RESOLUTION_UPDATE)
Thread pool processing redo: THREADPOOL_REDO_749429341 from TEST (reason: THREADPOOL_ENTITY_RESOLUTION_UPDATE)
Thread pool processing redo: THREADPOOL_REDO_2381590642 from TEST (reason: THREADPOOL_ENTITY_RESOLUTION_UPDATE)
Thread pool processing redo: THREADPOOL_REDO_2315017905 from TEST (reason: THREADPOOL_ENTITY_RESOLUTION_UPDATE)
Thread pool processing redo: THREADPOOL_REDO_3607005498 from TEST (reason: THREADPOOL_ENTITY_RESOLUTION_UPDATE)
Thread pool processing redo: THREADPOOL_REDO_407384766 from TEST (reason: THREADPOOL_ENTITY_RESOLUTION_UPDATE)
Thread pool processing redo: THREADPOOL_REDO_420634392 from TEST (reason: THREADPOOL_ENTITY_RESOLUTION_UPDATE)
Thread pool processing redo: THREADPOOL_REDO_1366441148 from TEST (reason: THREADPOOL_ENTITY_RESOLUTION_UPDATE)
Thread pool processing redo: THREADPOOL_REDO_3252283812 from TEST (reason: THREADPOOL_ENTITY_RESOLUTION_UPDATE)
Thread pool processing redo: THREADPOOL_REDO_1675754041 from TEST (reason: THREADPOOL_ENTITY_RESOLUTION_UPDATE)
Thread pool processing redo: THREADPOOL_REDO_276028651 from TEST (reason: THREADPOOL_ENTITY_RESOLUTION_UPDATE)
Thread pool processing redo: THREADPOOL_REDO_2269737654 from TEST (reason: THREADPOOL_ENTITY_RESOLUTION_UPDATE)
Thread pool processing redo: THREADPOOL_REDO_3013152381 from TEST (reason: THREADPOOL_ENTITY_RESOLUTION_UPDATE)
Thread pool processing redo: THREADPOOL_REDO_4223066965 from TEST (reason: THREADPOOL_ENTITY_RESOLUTION_UPDATE)
Thread pool processing redo: THREADPOOL_REDO_2012282978 from TEST (reason: THREADPOOL_ENTITY_RESOLUTION_UPDATE)
Thread pool processing redo: THREADPOOL_REDO_274017751 from TEST (reason: THREADPOOL_ENTITY_RESOLUTION_UPDATE)
Thread pool processing redo: THREADPOOL_REDO_3929866211 from TEST (reason: THREADPOOL_ENTITY_RESOLUTION_UPDATE)
Thread pool processing redo: THREADPOOL_REDO_2735167569 from TEST (reason: THREADPOOL_ENTITY_RESOLUTION_UPDATE)
ðŸ“Š Stats: 77 processed, 0 errors, 9.6 rec/sec (runtime: 8.0s)
Thread pool processing redo: THREADPOOL_REDO_2846357636 from TEST (reason: THREADPOOL_ENTITY_RESOLUTION_UPDATE)
Thread pool processing redo: THREADPOOL_REDO_2042133269 from TEST (reason: THREADPOOL_ENTITY_RESOLUTION_UPDATE)
Thread pool processing redo: THREADPOOL_REDO_121797755 from TEST (reason: THREADPOOL_ENTITY_RESOLUTION_UPDATE)
Thread pool processing redo: THREADPOOL_REDO_2104312107 from TEST (reason: THREADPOOL_ENTITY_RESOLUTION_UPDATE)
Thread pool processing redo: THREADPOOL_REDO_965266604 from TEST (reason: THREADPOOL_ENTITY_RESOLUTION_UPDATE)
Thread pool processing redo: THREADPOOL_REDO_4164957533 from TEST (reason: THREADPOOL_ENTITY_RESOLUTION_UPDATE)
Thread pool processing redo: THREADPOOL_REDO_666169617 from TEST (reason: THREADPOOL_ENTITY_RESOLUTION_UPDATE)
Thread pool processing redo: THREADPOOL_REDO_966348648 from TEST (reason: THREADPOOL_ENTITY_RESOLUTION_UPDATE)
Thread pool processing redo: THREADPOOL_REDO_1324232070 from TEST (reason: THREADPOOL_ENTITY_RESOLUTION_UPDATE)
Thread pool processing redo: THREADPOOL_REDO_1635411744 from TEST (reason: THREADPOOL_ENTITY_RESOLUTION_UPDATE)
Thread pool processing redo: THREADPOOL_REDO_2333119591 from TEST (reason: THREADPOOL_ENTITY_RESOLUTION_UPDATE)
Thread pool processing redo: THREADPOOL_REDO_2879200738 from TEST (reason: THREADPOOL_ENTITY_RESOLUTION_UPDATE)
Thread pool processing redo: THREADPOOL_REDO_2349050636 from TEST (reason: THREADPOOL_ENTITY_RESOLUTION_UPDATE)
Thread pool processing redo: THREADPOOL_REDO_1491190014 from TEST (reason: THREADPOOL_ENTITY_RESOLUTION_UPDATE)
Thread pool processing redo: THREADPOOL_REDO_3822454379 from TEST (reason: THREADPOOL_ENTITY_RESOLUTION_UPDATE)
Thread pool processing redo: THREADPOOL_REDO_3738981723 from TEST (reason: THREADPOOL_ENTITY_RESOLUTION_UPDATE)
Thread pool processing redo: THREADPOOL_REDO_4241275244 from TEST (reason: THREADPOOL_ENTITY_RESOLUTION_UPDATE)
Thread pool processing redo: THREADPOOL_REDO_3582060511 from TEST (reason: THREADPOOL_ENTITY_RESOLUTION_UPDATE)
Thread pool processing redo: THREADPOOL_REDO_3099329692 from TEST (reason: THREADPOOL_ENTITY_RESOLUTION_UPDATE)
Thread pool processing redo: THREADPOOL_REDO_1972399036 from TEST (reason: THREADPOOL_ENTITY_RESOLUTION_UPDATE)
Thread pool processing redo: THREADPOOL_REDO_3637747186 from TEST (reason: THREADPOOL_ENTITY_RESOLUTION_UPDATE)
Thread pool processing redo: THREADPOOL_REDO_595359653 from TEST (reason: THREADPOOL_ENTITY_RESOLUTION_UPDATE)
Thread pool processing redo: THREADPOOL_REDO_969782557 from TEST (reason: THREADPOOL_ENTITY_RESOLUTION_UPDATE)
Thread pool processing redo: THREADPOOL_REDO_2143059155 from TEST (reason: THREADPOOL_ENTITY_RESOLUTION_UPDATE)
Thread pool processing redo: THREADPOOL_REDO_2027475816 from TEST (reason: THREADPOOL_ENTITY_RESOLUTION_UPDATE)
Thread pool processing redo: THREADPOOL_REDO_3605261797 from TEST (reason: THREADPOOL_ENTITY_RESOLUTION_UPDATE)
Thread pool processing redo: THREADPOOL_REDO_438653916 from TEST (reason: THREADPOOL_ENTITY_RESOLUTION_UPDATE)
Thread pool processing redo: THREADPOOL_REDO_3927762339 from TEST (reason: THREADPOOL_ENTITY_RESOLUTION_UPDATE)
Thread pool processing redo: THREADPOOL_REDO_177030966 from TEST (reason: THREADPOOL_ENTITY_RESOLUTION_UPDATE)
ðŸ“Š Stats: 106 processed, 0 errors, 10.6 rec/sec (runtime: 10.0s)
Thread pool processing redo: THREADPOOL_REDO_2782085537 from TEST (reason: THREADPOOL_ENTITY_RESOLUTION_UPDATE)
Thread pool processing redo: THREADPOOL_REDO_3145504217 from TEST (reason: THREADPOOL_ENTITY_RESOLUTION_UPDATE)
Thread pool processing redo: THREADPOOL_REDO_1406817470 from TEST (reason: THREADPOOL_ENTITY_RESOLUTION_UPDATE)
Thread pool processing redo: THREADPOOL_REDO_2651273482 from TEST (reason: THREADPOOL_ENTITY_RESOLUTION_UPDATE)
Thread pool processing redo: THREADPOOL_REDO_2948003617 from TEST (reason: THREADPOOL_ENTITY_RESOLUTION_UPDATE)
Thread pool processing redo: THREADPOOL_REDO_2332281879 from TEST (reason: THREADPOOL_ENTITY_RESOLUTION_UPDATE)
Thread pool processing redo: THREADPOOL_REDO_1172292796 from TEST (reason: THREADPOOL_ENTITY_RESOLUTION_UPDATE)
Thread pool processing redo: THREADPOOL_REDO_3242897800 from TEST (reason: THREADPOOL_ENTITY_RESOLUTION_UPDATE)
Thread pool processing redo: THREADPOOL_REDO_104758373 from TEST (reason: THREADPOOL_ENTITY_RESOLUTION_UPDATE)
Thread pool processing redo: THREADPOOL_REDO_3127127917 from TEST (reason: THREADPOOL_ENTITY_RESOLUTION_UPDATE)
Thread pool processing redo: THREADPOOL_REDO_1363767859 from TEST (reason: THREADPOOL_ENTITY_RESOLUTION_UPDATE)
Thread pool processing redo: THREADPOOL_REDO_4290720324 from TEST (reason: THREADPOOL_ENTITY_RESOLUTION_UPDATE)
Thread pool processing redo: THREADPOOL_REDO_2362972165 from TEST (reason: THREADPOOL_ENTITY_RESOLUTION_UPDATE)
Thread pool processing redo: THREADPOOL_REDO_110253209 from TEST (reason: THREADPOOL_ENTITY_RESOLUTION_UPDATE)
Thread pool processing redo: THREADPOOL_REDO_2458505235 from TEST (reason: THREADPOOL_ENTITY_RESOLUTION_UPDATE)
Thread pool processing redo: THREADPOOL_REDO_757327057 from TEST (reason: THREADPOOL_ENTITY_RESOLUTION_UPDATE)
Thread pool processing redo: THREADPOOL_REDO_1125983700 from TEST (reason: THREADPOOL_ENTITY_RESOLUTION_UPDATE)
Thread pool processing redo: THREADPOOL_REDO_684189555 from TEST (reason: THREADPOOL_ENTITY_RESOLUTION_UPDATE)
Thread pool processing redo: THREADPOOL_REDO_406268727 from TEST (reason: THREADPOOL_ENTITY_RESOLUTION_UPDATE)
Thread pool processing redo: THREADPOOL_REDO_2107742029 from TEST (reason: THREADPOOL_ENTITY_RESOLUTION_UPDATE)
Thread pool processing redo: THREADPOOL_REDO_2228822051 from TEST (reason: THREADPOOL_ENTITY_RESOLUTION_UPDATE)
Thread pool processing redo: THREADPOOL_REDO_3636745321 from TEST (reason: THREADPOOL_ENTITY_RESOLUTION_UPDATE)
Thread pool processing redo: THREADPOOL_REDO_3878917975 from TEST (reason: THREADPOOL_ENTITY_RESOLUTION_UPDATE)
Thread pool processing redo: THREADPOOL_REDO_1745692189 from TEST (reason: THREADPOOL_ENTITY_RESOLUTION_UPDATE)
Thread pool processing redo: THREADPOOL_REDO_104056873 from TEST (reason: THREADPOOL_ENTITY_RESOLUTION_UPDATE)
Thread pool processing redo: THREADPOOL_REDO_751375133 from TEST (reason: THREADPOOL_ENTITY_RESOLUTION_UPDATE)
Thread pool processing redo: THREADPOOL_REDO_2383793550 from TEST (reason: THREADPOOL_ENTITY_RESOLUTION_UPDATE)
Thread pool processing redo: THREADPOOL_REDO_2580332467 from TEST (reason: THREADPOOL_ENTITY_RESOLUTION_UPDATE)
Thread pool processing redo: THREADPOOL_REDO_288690316 from TEST (reason: THREADPOOL_ENTITY_RESOLUTION_UPDATE)
Thread pool processing redo: THREADPOOL_REDO_3434564485 from TEST (reason: THREADPOOL_ENTITY_RESOLUTION_UPDATE)
ðŸ“Š Stats: 136 processed, 0 errors, 9.7 rec/sec (runtime: 14.0s)
Thread pool processing redo: THREADPOOL_REDO_2010872036 from TEST (reason: THREADPOOL_ENTITY_RESOLUTION_UPDATE)
Thread pool processing redo: THREADPOOL_REDO_674753053 from TEST (reason: THREADPOOL_ENTITY_RESOLUTION_UPDATE)
Thread pool processing redo: THREADPOOL_REDO_4260433855 from TEST (reason: THREADPOOL_ENTITY_RESOLUTION_UPDATE)
Thread pool processing redo: THREADPOOL_REDO_1773054138 from TEST (reason: THREADPOOL_ENTITY_RESOLUTION_UPDATE)
Thread pool processing redo: THREADPOOL_REDO_3622795275 from TEST (reason: THREADPOOL_ENTITY_RESOLUTION_UPDATE)
Thread pool processing redo: THREADPOOL_REDO_1128027068 from TEST (reason: THREADPOOL_ENTITY_RESOLUTION_UPDATE)
Thread pool processing redo: THREADPOOL_REDO_2370272648 from TEST (reason: THREADPOOL_ENTITY_RESOLUTION_UPDATE)
Thread pool processing redo: THREADPOOL_REDO_1675501272 from TEST (reason: THREADPOOL_ENTITY_RESOLUTION_UPDATE)
Thread pool processing redo: THREADPOOL_REDO_758942811 from TEST (reason: THREADPOOL_ENTITY_RESOLUTION_UPDATE)
Thread pool processing redo: THREADPOOL_REDO_2669018067 from TEST (reason: THREADPOOL_ENTITY_RESOLUTION_UPDATE)
Thread pool processing redo: THREADPOOL_REDO_2160478347 from TEST (reason: THREADPOOL_ENTITY_RESOLUTION_UPDATE)
Thread pool processing redo: THREADPOOL_REDO_838263594 from TEST (reason: THREADPOOL_ENTITY_RESOLUTION_UPDATE)
Thread pool processing redo: THREADPOOL_REDO_1135533447 from TEST (reason: THREADPOOL_ENTITY_RESOLUTION_UPDATE)
Thread pool processing redo: THREADPOOL_REDO_1909695718 from TEST (reason: THREADPOOL_ENTITY_RESOLUTION_UPDATE)
Thread pool processing redo: THREADPOOL_REDO_4052241222 from TEST (reason: THREADPOOL_ENTITY_RESOLUTION_UPDATE)
Thread pool processing redo: THREADPOOL_REDO_1064984939 from TEST (reason: THREADPOOL_ENTITY_RESOLUTION_UPDATE)
Thread pool processing redo: THREADPOOL_REDO_1654633104 from TEST (reason: THREADPOOL_ENTITY_RESOLUTION_UPDATE)
Thread pool processing redo: THREADPOOL_REDO_1566733198 from TEST (reason: THREADPOOL_ENTITY_RESOLUTION_UPDATE)
Thread pool processing redo: THREADPOOL_REDO_2913510786 from TEST (reason: THREADPOOL_ENTITY_RESOLUTION_UPDATE)
Thread pool processing redo: THREADPOOL_REDO_430783008 from TEST (reason: THREADPOOL_ENTITY_RESOLUTION_UPDATE)
Thread pool processing redo: THREADPOOL_REDO_1393719943 from TEST (reason: THREADPOOL_ENTITY_RESOLUTION_UPDATE)
Thread pool processing redo: THREADPOOL_REDO_112253863 from TEST (reason: THREADPOOL_ENTITY_RESOLUTION_UPDATE)
Thread pool processing redo: THREADPOOL_REDO_4216316783 from TEST (reason: THREADPOOL_ENTITY_RESOLUTION_UPDATE)
Thread pool processing redo: THREADPOOL_REDO_4005610633 from TEST (reason: THREADPOOL_ENTITY_RESOLUTION_UPDATE)
Thread pool processing redo: THREADPOOL_REDO_2751134256 from TEST (reason: THREADPOOL_ENTITY_RESOLUTION_UPDATE)
Thread pool processing redo: THREADPOOL_REDO_1668971237 from TEST (reason: THREADPOOL_ENTITY_RESOLUTION_UPDATE)
Thread pool processing redo: THREADPOOL_REDO_2083817730 from TEST (reason: THREADPOOL_ENTITY_RESOLUTION_UPDATE)
Thread pool processing redo: THREADPOOL_REDO_1648024613 from TEST (reason: THREADPOOL_ENTITY_RESOLUTION_UPDATE)
Thread pool processing redo: THREADPOOL_REDO_1269544910 from TEST (reason: THREADPOOL_ENTITY_RESOLUTION_UPDATE)
Thread pool processing redo: THREADPOOL_REDO_4110819541 from TEST (reason: THREADPOOL_ENTITY_RESOLUTION_UPDATE)
Thread pool processing redo: THREADPOOL_REDO_2767167909 from TEST (reason: THREADPOOL_ENTITY_RESOLUTION_UPDATE)
Thread pool processing redo: THREADPOOL_REDO_3881553282 from TEST (reason: THREADPOOL_ENTITY_RESOLUTION_UPDATE)
Thread pool processing redo: THREADPOOL_REDO_2696139392 from TEST (reason: THREADPOOL_ENTITY_RESOLUTION_UPDATE)
ðŸ“Š Stats: 169 processed, 0 errors, 10.6 rec/sec (runtime: 16.0s)
Thread pool processing redo: THREADPOOL_REDO_4203126797 from TEST (reason: THREADPOOL_ENTITY_RESOLUTION_UPDATE)
Thread pool processing redo: THREADPOOL_REDO_3398231520 from TEST (reason: THREADPOOL_ENTITY_RESOLUTION_UPDATE)
Thread pool processing redo: THREADPOOL_REDO_1532838210 from TEST (reason: THREADPOOL_ENTITY_RESOLUTION_UPDATE)
Thread pool processing redo: THREADPOOL_REDO_3279461419 from TEST (reason: THREADPOOL_ENTITY_RESOLUTION_UPDATE)
Thread pool processing redo: THREADPOOL_REDO_507634211 from TEST (reason: THREADPOOL_ENTITY_RESOLUTION_UPDATE)
Thread pool processing redo: THREADPOOL_REDO_1046602224 from TEST (reason: THREADPOOL_ENTITY_RESOLUTION_UPDATE)
Thread pool processing redo: THREADPOOL_REDO_803291626 from TEST (reason: THREADPOOL_ENTITY_RESOLUTION_UPDATE)
Thread pool processing redo: THREADPOOL_REDO_1416342628 from TEST (reason: THREADPOOL_ENTITY_RESOLUTION_UPDATE)
Thread pool processing redo: THREADPOOL_REDO_2451918484 from TEST (reason: THREADPOOL_ENTITY_RESOLUTION_UPDATE)
Thread pool processing redo: THREADPOOL_REDO_2345893552 from TEST (reason: THREADPOOL_ENTITY_RESOLUTION_UPDATE)
Thread pool processing redo: THREADPOOL_REDO_3177208142 from TEST (reason: THREADPOOL_ENTITY_RESOLUTION_UPDATE)
Thread pool processing redo: THREADPOOL_REDO_1977506752 from TEST (reason: THREADPOOL_ENTITY_RESOLUTION_UPDATE)
Thread pool processing redo: THREADPOOL_REDO_3633784710 from TEST (reason: THREADPOOL_ENTITY_RESOLUTION_UPDATE)
Thread pool processing redo: THREADPOOL_REDO_3092704842 from TEST (reason: THREADPOOL_ENTITY_RESOLUTION_UPDATE)
Thread pool processing redo: THREADPOOL_REDO_2933994773 from TEST (reason: THREADPOOL_ENTITY_RESOLUTION_UPDATE)
Thread pool processing redo: THREADPOOL_REDO_1418732581 from TEST (reason: THREADPOOL_ENTITY_RESOLUTION_UPDATE)
Thread pool processing redo: THREADPOOL_REDO_3570837863 from TEST (reason: THREADPOOL_ENTITY_RESOLUTION_UPDATE)
Thread pool processing redo: THREADPOOL_REDO_3995089851 from TEST (reason: THREADPOOL_ENTITY_RESOLUTION_UPDATE)
Thread pool processing redo: THREADPOOL_REDO_3306842606 from TEST (reason: THREADPOOL_ENTITY_RESOLUTION_UPDATE)
Thread pool processing redo: THREADPOOL_REDO_67014000 from TEST (reason: THREADPOOL_ENTITY_RESOLUTION_UPDATE)
Thread pool processing redo: THREADPOOL_REDO_910138483 from TEST (reason: THREADPOOL_ENTITY_RESOLUTION_UPDATE)
Thread pool processing redo: THREADPOOL_REDO_3498142724 from TEST (reason: THREADPOOL_ENTITY_RESOLUTION_UPDATE)
Thread pool processing redo: THREADPOOL_REDO_2210320423 from TEST (reason: THREADPOOL_ENTITY_RESOLUTION_UPDATE)
Thread pool processing redo: THREADPOOL_REDO_669646681 from TEST (reason: THREADPOOL_ENTITY_RESOLUTION_UPDATE)
Thread pool processing redo: THREADPOOL_REDO_2074502360 from TEST (reason: THREADPOOL_ENTITY_RESOLUTION_UPDATE)
Thread pool processing redo: THREADPOOL_REDO_3357432557 from TEST (reason: THREADPOOL_ENTITY_RESOLUTION_UPDATE)
Thread pool processing redo: THREADPOOL_REDO_3423933722 from TEST (reason: THREADPOOL_ENTITY_RESOLUTION_UPDATE)
Thread pool processing redo: THREADPOOL_REDO_3555594895 from TEST (reason: THREADPOOL_ENTITY_RESOLUTION_UPDATE)
Thread pool processing redo: THREADPOOL_REDO_2515029590 from TEST (reason: THREADPOOL_ENTITY_RESOLUTION_UPDATE)
Thread pool processing redo: THREADPOOL_REDO_1962512345 from TEST (reason: THREADPOOL_ENTITY_RESOLUTION_UPDATE)
Thread pool processing redo: THREADPOOL_REDO_2568852141 from TEST (reason: THREADPOOL_ENTITY_RESOLUTION_UPDATE)
Thread pool processing redo: THREADPOOL_REDO_3180935229 from TEST (reason: THREADPOOL_ENTITY_RESOLUTION_UPDATE)
Thread pool processing redo: THREADPOOL_REDO_3872019146 from TEST (reason: THREADPOOL_ENTITY_RESOLUTION_UPDATE)
Thread pool processing redo: THREADPOOL_REDO_1306511022 from TEST (reason: THREADPOOL_ENTITY_RESOLUTION_UPDATE)
Thread pool processing redo: THREADPOOL_REDO_600252567 from TEST (reason: THREADPOOL_ENTITY_RESOLUTION_UPDATE)
Thread pool processing redo: THREADPOOL_REDO_131150536 from TEST (reason: THREADPOOL_ENTITY_RESOLUTION_UPDATE)
Thread pool processing redo: THREADPOOL_REDO_3251077473 from TEST (reason: THREADPOOL_ENTITY_RESOLUTION_UPDATE)
Thread pool processing redo: THREADPOOL_REDO_627453792 from TEST (reason: THREADPOOL_ENTITY_RESOLUTION_UPDATE)
Thread pool processing redo: THREADPOOL_REDO_728063647 from TEST (reason: THREADPOOL_ENTITY_RESOLUTION_UPDATE)
Thread pool processing redo: THREADPOOL_REDO_2028430483 from TEST (reason: THREADPOOL_ENTITY_RESOLUTION_UPDATE)
Thread pool processing redo: THREADPOOL_REDO_99381867 from TEST (reason: THREADPOOL_ENTITY_RESOLUTION_UPDATE)
ðŸ“Š Stats: 210 processed, 0 errors, 10.5 rec/sec (runtime: 20.0s)
Thread pool processing redo: THREADPOOL_REDO_1758383663 from TEST (reason: THREADPOOL_ENTITY_RESOLUTION_UPDATE)
Thread pool processing redo: THREADPOOL_REDO_1823454750 from TEST (reason: THREADPOOL_ENTITY_RESOLUTION_UPDATE)
Thread pool processing redo: THREADPOOL_REDO_3541335913 from TEST (reason: THREADPOOL_ENTITY_RESOLUTION_UPDATE)
Thread pool processing redo: THREADPOOL_REDO_4015573276 from TEST (reason: THREADPOOL_ENTITY_RESOLUTION_UPDATE)
Thread pool processing redo: THREADPOOL_REDO_1054526731 from TEST (reason: THREADPOOL_ENTITY_RESOLUTION_UPDATE)
Thread pool processing redo: THREADPOOL_REDO_37571849 from TEST (reason: THREADPOOL_ENTITY_RESOLUTION_UPDATE)
Thread pool processing redo: THREADPOOL_REDO_2183939741 from TEST (reason: THREADPOOL_ENTITY_RESOLUTION_UPDATE)
Thread pool processing redo: THREADPOOL_REDO_3435040342 from TEST (reason: THREADPOOL_ENTITY_RESOLUTION_UPDATE)
Thread pool processing redo: THREADPOOL_REDO_2770850303 from TEST (reason: THREADPOOL_ENTITY_RESOLUTION_UPDATE)
Thread pool processing redo: THREADPOOL_REDO_3804394836 from TEST (reason: THREADPOOL_ENTITY_RESOLUTION_UPDATE)
Thread pool processing redo: THREADPOOL_REDO_1854030379 from TEST (reason: THREADPOOL_ENTITY_RESOLUTION_UPDATE)
Thread pool processing redo: THREADPOOL_REDO_1374387913 from TEST (reason: THREADPOOL_ENTITY_RESOLUTION_UPDATE)
Thread pool processing redo: THREADPOOL_REDO_4116695057 from TEST (reason: THREADPOOL_ENTITY_RESOLUTION_UPDATE)
Thread pool processing redo: THREADPOOL_REDO_1923512685 from TEST (reason: THREADPOOL_ENTITY_RESOLUTION_UPDATE)
Thread pool processing redo: THREADPOOL_REDO_3289150997 from TEST (reason: THREADPOOL_ENTITY_RESOLUTION_UPDATE)
Thread pool processing redo: THREADPOOL_REDO_2228536538 from TEST (reason: THREADPOOL_ENTITY_RESOLUTION_UPDATE)
Thread pool processing redo: THREADPOOL_REDO_3879936012 from TEST (reason: THREADPOOL_ENTITY_RESOLUTION_UPDATE)
Thread pool processing redo: THREADPOOL_REDO_2475769348 from TEST (reason: THREADPOOL_ENTITY_RESOLUTION_UPDATE)
Thread pool processing redo: THREADPOOL_REDO_3368610216 from TEST (reason: THREADPOOL_ENTITY_RESOLUTION_UPDATE)
Thread pool processing redo: THREADPOOL_REDO_3748994633 from TEST (reason: THREADPOOL_ENTITY_RESOLUTION_UPDATE)
Thread pool processing redo: THREADPOOL_REDO_3091100620 from TEST (reason: THREADPOOL_ENTITY_RESOLUTION_UPDATE)
Thread pool processing redo: THREADPOOL_REDO_10758016 from TEST (reason: THREADPOOL_ENTITY_RESOLUTION_UPDATE)
Thread pool processing redo: THREADPOOL_REDO_3095566970 from TEST (reason: THREADPOOL_ENTITY_RESOLUTION_UPDATE)
Thread pool processing redo: THREADPOOL_REDO_1051648938 from TEST (reason: THREADPOOL_ENTITY_RESOLUTION_UPDATE)
Thread pool processing redo: THREADPOOL_REDO_58922096 from TEST (reason: THREADPOOL_ENTITY_RESOLUTION_UPDATE)
Thread pool processing redo: THREADPOOL_REDO_1629182573 from TEST (reason: THREADPOOL_ENTITY_RESOLUTION_UPDATE)
Thread pool processing redo: THREADPOOL_REDO_2842125562 from TEST (reason: THREADPOOL_ENTITY_RESOLUTION_UPDATE)
Thread pool processing redo: THREADPOOL_REDO_1944843155 from TEST (reason: THREADPOOL_ENTITY_RESOLUTION_UPDATE)
Thread pool processing redo: THREADPOOL_REDO_2163402043 from TEST (reason: THREADPOOL_ENTITY_RESOLUTION_UPDATE)
Thread pool processing redo: THREADPOOL_REDO_166987163 from TEST (reason: THREADPOOL_ENTITY_RESOLUTION_UPDATE)
Thread pool processing redo: THREADPOOL_REDO_1752427371 from TEST (reason: THREADPOOL_ENTITY_RESOLUTION_UPDATE)
Thread pool processing redo: THREADPOOL_REDO_2522144103 from TEST (reason: THREADPOOL_ENTITY_RESOLUTION_UPDATE)
Thread pool processing redo: THREADPOOL_REDO_502450866 from TEST (reason: THREADPOOL_ENTITY_RESOLUTION_UPDATE)
Thread pool processing redo: THREADPOOL_REDO_3367641223 from TEST (reason: THREADPOOL_ENTITY_RESOLUTION_UPDATE)
Thread pool processing redo: THREADPOOL_REDO_101521391 from TEST (reason: THREADPOOL_ENTITY_RESOLUTION_UPDATE)
Thread pool processing redo: THREADPOOL_REDO_900282789 from TEST (reason: THREADPOOL_ENTITY_RESOLUTION_UPDATE)
Thread pool processing redo: THREADPOOL_REDO_3640118415 from TEST (reason: THREADPOOL_ENTITY_RESOLUTION_UPDATE)
ðŸ“Š Stats: 247 processed, 0 errors, 10.3 rec/sec (runtime: 24.0s)
Thread pool processing redo: THREADPOOL_REDO_1265189664 from TEST (reason: THREADPOOL_ENTITY_RESOLUTION_UPDATE)
Thread pool processing redo: THREADPOOL_REDO_2862855598 from TEST (reason: THREADPOOL_ENTITY_RESOLUTION_UPDATE)
Thread pool processing redo: THREADPOOL_REDO_462382521 from TEST (reason: THREADPOOL_ENTITY_RESOLUTION_UPDATE)
Thread pool processing redo: THREADPOOL_REDO_2056291961 from TEST (reason: THREADPOOL_ENTITY_RESOLUTION_UPDATE)
Thread pool processing redo: THREADPOOL_REDO_1079581874 from TEST (reason: THREADPOOL_ENTITY_RESOLUTION_UPDATE)
Thread pool processing redo: THREADPOOL_REDO_3297232636 from TEST (reason: THREADPOOL_ENTITY_RESOLUTION_UPDATE)
Thread pool processing redo: THREADPOOL_REDO_411751367 from TEST (reason: THREADPOOL_ENTITY_RESOLUTION_UPDATE)
Thread pool processing redo: THREADPOOL_REDO_1866708627 from TEST (reason: THREADPOOL_ENTITY_RESOLUTION_UPDATE)
Thread pool processing redo: THREADPOOL_REDO_3256979267 from TEST (reason: THREADPOOL_ENTITY_RESOLUTION_UPDATE)
Thread pool processing redo: THREADPOOL_REDO_792568155 from TEST (reason: THREADPOOL_ENTITY_RESOLUTION_UPDATE)
Thread pool processing redo: THREADPOOL_REDO_3320077051 from TEST (reason: THREADPOOL_ENTITY_RESOLUTION_UPDATE)
Thread pool processing redo: THREADPOOL_REDO_3819851489 from TEST (reason: THREADPOOL_ENTITY_RESOLUTION_UPDATE)
Thread pool processing redo: THREADPOOL_REDO_1471876433 from TEST (reason: THREADPOOL_ENTITY_RESOLUTION_UPDATE)
Thread pool processing redo: THREADPOOL_REDO_3217031721 from TEST (reason: THREADPOOL_ENTITY_RESOLUTION_UPDATE)
Thread pool processing redo: THREADPOOL_REDO_150937222 from TEST (reason: THREADPOOL_ENTITY_RESOLUTION_UPDATE)
Thread pool processing redo: THREADPOOL_REDO_2665255621 from TEST (reason: THREADPOOL_ENTITY_RESOLUTION_UPDATE)
Thread pool processing redo: THREADPOOL_REDO_3038054627 from TEST (reason: THREADPOOL_ENTITY_RESOLUTION_UPDATE)
Thread pool processing redo: THREADPOOL_REDO_403583306 from TEST (reason: THREADPOOL_ENTITY_RESOLUTION_UPDATE)
Thread pool processing redo: THREADPOOL_REDO_1296945888 from TEST (reason: THREADPOOL_ENTITY_RESOLUTION_UPDATE)
Thread pool processing redo: THREADPOOL_REDO_3410829592 from TEST (reason: THREADPOOL_ENTITY_RESOLUTION_UPDATE)
Thread pool processing redo: THREADPOOL_REDO_2302510830 from TEST (reason: THREADPOOL_ENTITY_RESOLUTION_UPDATE)
Thread pool processing redo: THREADPOOL_REDO_2302658424 from TEST (reason: THREADPOOL_ENTITY_RESOLUTION_UPDATE)
Thread pool processing redo: THREADPOOL_REDO_514623748 from TEST (reason: THREADPOOL_ENTITY_RESOLUTION_UPDATE)
Thread pool processing redo: THREADPOOL_REDO_3929634137 from TEST (reason: THREADPOOL_ENTITY_RESOLUTION_UPDATE)
Thread pool processing redo: THREADPOOL_REDO_249884151 from TEST (reason: THREADPOOL_ENTITY_RESOLUTION_UPDATE)
Thread pool processing redo: THREADPOOL_REDO_2840441355 from TEST (reason: THREADPOOL_ENTITY_RESOLUTION_UPDATE)
Thread pool processing redo: THREADPOOL_REDO_3146563806 from TEST (reason: THREADPOOL_ENTITY_RESOLUTION_UPDATE)
Thread pool processing redo: THREADPOOL_REDO_1141574851 from TEST (reason: THREADPOOL_ENTITY_RESOLUTION_UPDATE)
Thread pool processing redo: THREADPOOL_REDO_2693359143 from TEST (reason: THREADPOOL_ENTITY_RESOLUTION_UPDATE)
Thread pool processing redo: THREADPOOL_REDO_57497591 from TEST (reason: THREADPOOL_ENTITY_RESOLUTION_UPDATE)
Thread pool processing redo: THREADPOOL_REDO_3813473289 from TEST (reason: THREADPOOL_ENTITY_RESOLUTION_UPDATE)
Thread pool processing redo: THREADPOOL_REDO_2261701004 from TEST (reason: THREADPOOL_ENTITY_RESOLUTION_UPDATE)
Thread pool processing redo: THREADPOOL_REDO_228566811 from TEST (reason: THREADPOOL_ENTITY_RESOLUTION_UPDATE)
Thread pool processing redo: THREADPOOL_REDO_2118249740 from TEST (reason: THREADPOOL_ENTITY_RESOLUTION_UPDATE)
Thread pool processing redo: THREADPOOL_REDO_624700087 from TEST (reason: THREADPOOL_ENTITY_RESOLUTION_UPDATE)
Thread pool processing redo: THREADPOOL_REDO_384341277 from TEST (reason: THREADPOOL_ENTITY_RESOLUTION_UPDATE)
Thread pool processing redo: THREADPOOL_REDO_3149341091 from TEST (reason: THREADPOOL_ENTITY_RESOLUTION_UPDATE)
Thread pool processing redo: THREADPOOL_REDO_115624825 from TEST (reason: THREADPOOL_ENTITY_RESOLUTION_UPDATE)
Thread pool processing redo: THREADPOOL_REDO_3332707372 from TEST (reason: THREADPOOL_ENTITY_RESOLUTION_UPDATE)
Thread pool processing redo: THREADPOOL_REDO_4053951162 from TEST (reason: THREADPOOL_ENTITY_RESOLUTION_UPDATE)
Thread pool processing redo: THREADPOOL_REDO_2425626612 from TEST (reason: THREADPOOL_ENTITY_RESOLUTION_UPDATE)
Thread pool processing redo: THREADPOOL_REDO_2041819377 from TEST (reason: THREADPOOL_ENTITY_RESOLUTION_UPDATE)
ðŸ“Š Stats: 289 processed, 0 errors, 10.3 rec/sec (runtime: 28.0s)
Thread pool processing redo: THREADPOOL_REDO_1039629971 from TEST (reason: THREADPOOL_ENTITY_RESOLUTION_UPDATE)
Thread pool processing redo: THREADPOOL_REDO_3377713911 from TEST (reason: THREADPOOL_ENTITY_RESOLUTION_UPDATE)
Thread pool processing redo: THREADPOOL_REDO_1528099243 from TEST (reason: THREADPOOL_ENTITY_RESOLUTION_UPDATE)
Thread pool processing redo: THREADPOOL_REDO_1445582722 from TEST (reason: THREADPOOL_ENTITY_RESOLUTION_UPDATE)
Thread pool processing redo: THREADPOOL_REDO_1552597029 from TEST (reason: THREADPOOL_ENTITY_RESOLUTION_UPDATE)
Thread pool processing redo: THREADPOOL_REDO_3292146214 from TEST (reason: THREADPOOL_ENTITY_RESOLUTION_UPDATE)
Thread pool processing redo: THREADPOOL_REDO_399896738 from TEST (reason: THREADPOOL_ENTITY_RESOLUTION_UPDATE)
Thread pool processing redo: THREADPOOL_REDO_3454665723 from TEST (reason: THREADPOOL_ENTITY_RESOLUTION_UPDATE)
Thread pool processing redo: THREADPOOL_REDO_2958088147 from TEST (reason: THREADPOOL_ENTITY_RESOLUTION_UPDATE)
Thread pool processing redo: THREADPOOL_REDO_2383673210 from TEST (reason: THREADPOOL_ENTITY_RESOLUTION_UPDATE)
Thread pool processing redo: THREADPOOL_REDO_2897007119 from TEST (reason: THREADPOOL_ENTITY_RESOLUTION_UPDATE)
Thread pool processing redo: THREADPOOL_REDO_1412176181 from TEST (reason: THREADPOOL_ENTITY_RESOLUTION_UPDATE)
Thread pool processing redo: THREADPOOL_REDO_2640265158 from TEST (reason: THREADPOOL_ENTITY_RESOLUTION_UPDATE)
Thread pool processing redo: THREADPOOL_REDO_1679712981 from TEST (reason: THREADPOOL_ENTITY_RESOLUTION_UPDATE)
Thread pool processing redo: THREADPOOL_REDO_1801027642 from TEST (reason: THREADPOOL_ENTITY_RESOLUTION_UPDATE)
Thread pool processing redo: THREADPOOL_REDO_2805121731 from TEST (reason: THREADPOOL_ENTITY_RESOLUTION_UPDATE)
Statistics reporter shutting down
Worker 3 shutting down (processed 69 records)
Worker 2 shutting down (processed 78 records)
Worker 0 shutting down (processed 75 records)
Worker 1 shutting down (processed 83 records)
Producer thread shutting down
Reached maximum runtime of 30 seconds

âœ… Asynchronous redo processing completed!
Runtime: 30.08 seconds
Redo records processed: 305
Errors encountered: 0
Average processing rate: 10.14 records/second
Cleaning up environment for configuration reinitialization...
Destroying global SzEnvironmentCore instance and all modules...
âœ… Global SzEnvironmentCore instance destroyed completely
âœ… Environment cleanup complete
[19/22] Processing: redo/redo_with_info_continuous
======================================
    Checking sz-rust-sdk v0.1.0 (/home/bmacy/open_dev/sz-rust-sdk)
    Checking redo_with_info_continuous v0.1.0 (/home/bmacy/open_dev/sz-rust-sdk/code-snippets/rust/snippets/redo/redo_with_info_continuous)
warning: unused import: `serde_json::Value`
  --> src/main.rs:11:5
   |
11 | use serde_json::Value;
   |     ^^^^^^^^^^^^^^^^^
   |
   = note: `#[warn(unused_imports)]` on by default

warning: fields `entity_id` and `timestamp` are never read
  --> src/main.rs:34:5
   |
31 | struct RedoInfo {
   |        -------- fields in this struct
...
34 |     entity_id: Option<i64>,
   |     ^^^^^^^^^
35 |     redo_reason: String,
36 |     timestamp: String,
   |     ^^^^^^^^^
   |
   = note: `RedoInfo` has derived impls for the traits `Clone` and `Debug`, but these are intentionally ignored during dead code analysis
   = note: `#[warn(dead_code)]` on by default

warning: field `first_seen` is never read
  --> src/main.rs:85:5
   |
83 | struct EntityInfo {
   |        ---------- field in this struct
84 |     entity_id: i64,
85 |     first_seen: Instant,
   |     ^^^^^^^^^^
   |
   = note: `EntityInfo` has derived impls for the traits `Clone` and `Debug`, but these are intentionally ignored during dead code analysis

warning: `redo_with_info_continuous` (bin "main") generated 3 warnings (run `cargo fix --bin "main"` to apply 1 suggestion)
    Finished `dev` profile [unoptimized + debuginfo] target(s) in 0.17s
   Compiling sz-rust-sdk v0.1.0 (/home/bmacy/open_dev/sz-rust-sdk)
   Compiling redo_with_info_continuous v0.1.0 (/home/bmacy/open_dev/sz-rust-sdk/code-snippets/rust/snippets/redo/redo_with_info_continuous)
warning: unused import: `serde_json::Value`
  --> src/main.rs:11:5
   |
11 | use serde_json::Value;
   |     ^^^^^^^^^^^^^^^^^
   |
   = note: `#[warn(unused_imports)]` on by default

warning: fields `entity_id` and `timestamp` are never read
  --> src/main.rs:34:5
   |
31 | struct RedoInfo {
   |        -------- fields in this struct
...
34 |     entity_id: Option<i64>,
   |     ^^^^^^^^^
35 |     redo_reason: String,
36 |     timestamp: String,
   |     ^^^^^^^^^
   |
   = note: `RedoInfo` has derived impls for the traits `Clone` and `Debug`, but these are intentionally ignored during dead code analysis
   = note: `#[warn(dead_code)]` on by default

warning: field `first_seen` is never read
  --> src/main.rs:85:5
   |
83 | struct EntityInfo {
   |        ---------- field in this struct
84 |     entity_id: i64,
85 |     first_seen: Instant,
   |     ^^^^^^^^^^
   |
   = note: `EntityInfo` has derived impls for the traits `Clone` and `Debug`, but these are intentionally ignored during dead code analysis

warning: `redo_with_info_continuous` (bin "main") generated 3 warnings (run `cargo fix --bin "main"` to apply 1 suggestion)
    Finished `dev` profile [unoptimized + debuginfo] target(s) in 0.50s
     Running `target/debug/main`
Created test database: /tmp/senzing_test_18663369e9d14762.db
Setting up initial configuration in database...
âœ… Initial configuration setup complete with ID: 3075461135
Using shared test database: /tmp/senzing_test_18663369e9d14762.db
Getting singleton SzEnvironmentCore instance with isolated database
Creating singleton SzEnvironmentCore instance...
Starting continuous redo processing with detailed information tracking...
Press Ctrl+C to stop (or will auto-stop after 30 seconds)
Processing redo: REDO_REC_1148179535 from EMPLOYEES (reason: ENTITY_SPLIT, entities: [8368])
Processing redo: REDO_REC_566636603 from VENDORS (reason: ENTITY_MERGE, entities: [2856, 5962, 4879])
Processing redo: REDO_REC_2574110488 from EMPLOYEES (reason: ATTRIBUTE_CHANGE, entities: [1846])
Processing redo: REDO_REC_3672080771 from VENDORS (reason: RELATIONSHIP_UPDATE, entities: [9818])
Processing redo: REDO_REC_320232251 from CUSTOMERS (reason: RELATIONSHIP_UPDATE, entities: [5696])
ðŸ“Š Stats: 5 redo records, 7 entities affected, 1.0 rec/sec
   Most active entity: 5696 (1 redos), Avg redos/entity: 1.0
Processing redo: REDO_REC_1375409911 from EMPLOYEES (reason: RECORD_ADDITION, entities: [9158])
Processing redo: REDO_REC_2533752268 from WATCHLIST (reason: ATTRIBUTE_CHANGE, entities: [9418])
Processing redo: REDO_REC_181267469 from EMPLOYEES (reason: RECORD_ADDITION, entities: [2223])
Processing redo: REDO_REC_1108717400 from EMPLOYEES (reason: ENTITY_SPLIT, entities: [2438, 1399, 2825])
Processing redo: REDO_REC_1747874762 from EMPLOYEES (reason: ENTITY_SPLIT, entities: [2953])
ðŸ“Š Stats: 10 redo records, 14 entities affected, 1.0 rec/sec
   Most active entity: 9418 (1 redos), Avg redos/entity: 1.0
Processing redo: REDO_REC_410772641 from EMPLOYEES (reason: ATTRIBUTE_CHANGE, entities: [8008])
Processing redo: REDO_REC_4119434692 from EMPLOYEES (reason: RELATIONSHIP_UPDATE, entities: [4933, 2650, 1736])
Processing redo: REDO_REC_4264739972 from EMPLOYEES (reason: RECORD_DELETION, entities: [1483])
Processing redo: REDO_REC_3992493840 from VENDORS (reason: RECORD_DELETION, entities: [7566, 5010, 3668, 5252])
Processing redo: REDO_REC_3307362037 from WATCHLIST (reason: ATTRIBUTE_CHANGE, entities: [8703])
ðŸ“Š Stats: 15 redo records, 24 entities affected, 1.0 rec/sec
   Most active entity: 5696 (1 redos), Avg redos/entity: 1.0
Processing redo: REDO_REC_1105739561 from VENDORS (reason: ENTITY_SPLIT, entities: [9233])
Processing redo: REDO_REC_4097100422 from WATCHLIST (reason: ENTITY_SPLIT, entities: [9836])
Processing redo: REDO_REC_1968662855 from EMPLOYEES (reason: ATTRIBUTE_CHANGE, entities: [6957])
Processing redo: REDO_REC_793126063 from EMPLOYEES (reason: RECORD_DELETION, entities: [9165])
Processing redo: REDO_REC_3287810176 from VENDORS (reason: RELATIONSHIP_UPDATE, entities: [7347])
ðŸ“Š Stats: 20 redo records, 29 entities affected, 0.9 rec/sec
   Most active entity: 8368 (1 redos), Avg redos/entity: 1.0
Processing redo: REDO_REC_1911203465 from VENDORS (reason: ATTRIBUTE_CHANGE, entities: [9164])
Processing redo: REDO_REC_153282059 from EMPLOYEES (reason: ATTRIBUTE_CHANGE, entities: [4878, 1029, 7562, 3679])
Reached maximum runtime of 30 seconds

âœ… Detailed redo processing completed!
Runtime: 30.04 seconds
Redo records processed: 22
Entities affected: 34
Errors encountered: 0
Average processing rate: 0.73 records/second

ðŸ“Š Entity Analysis:
Total unique entities: 34
Top 5 most active entities:
  1. Entity 9836: 1 redos, 1 data sources, 1 records
  2. Entity 5962: 1 redos, 1 data sources, 1 records
  3. Entity 8703: 1 redos, 1 data sources, 1 records
  4. Entity 3668: 1 redos, 1 data sources, 1 records
  5. Entity 9165: 1 redos, 1 data sources, 1 records

ðŸ“Š Redo Reason Analysis:
  ATTRIBUTE_CHANGE: 7 (31.8%)
  ENTITY_SPLIT: 5 (22.7%)
  RELATIONSHIP_UPDATE: 4 (18.2%)
  RECORD_DELETION: 3 (13.6%)
  RECORD_ADDITION: 2 (9.1%)
  ENTITY_MERGE: 1 (4.5%)
Cleaning up environment for configuration reinitialization...
Destroying global SzEnvironmentCore instance and all modules...
âœ… Global SzEnvironmentCore instance destroyed completely
âœ… Environment cleanup complete
[20/22] Processing: stewardship/force_resolve
======================================
    Checking sz-rust-sdk v0.1.0 (/home/bmacy/open_dev/sz-rust-sdk)
    Checking force_resolve v0.1.0 (/home/bmacy/open_dev/sz-rust-sdk/code-snippets/rust/snippets/stewardship/force_resolve)
    Finished `dev` profile [unoptimized + debuginfo] target(s) in 0.14s
   Compiling sz-rust-sdk v0.1.0 (/home/bmacy/open_dev/sz-rust-sdk)
   Compiling force_resolve v0.1.0 (/home/bmacy/open_dev/sz-rust-sdk/code-snippets/rust/snippets/stewardship/force_resolve)
    Finished `dev` profile [unoptimized + debuginfo] target(s) in 0.42s
     Running `target/debug/main`
Created test database: /tmp/senzing_test_1866337177a2ef81.db
Setting up initial configuration in database...
âœ… Initial configuration setup complete with ID: 3075461135
Using shared test database: /tmp/senzing_test_1866337177a2ef81.db
Getting singleton SzEnvironmentCore instance with isolated database
Creating singleton SzEnvironmentCore instance...
Force Resolve Example
====================

1. Loading test records...
Loaded record 1 with info: {"DATA_SOURCE":"TEST","RECORD_ID":"FORCE_RESOLVE_1","AFFECTED_ENTITIES":[{"ENTITY_ID":1}]}
Loaded record 2 with info: {"DATA_SOURCE":"TEST","RECORD_ID":"FORCE_RESOLVE_2","AFFECTED_ENTITIES":[{"ENTITY_ID":2}]}

2. Entity IDs after loading:
Record 1 resolved to entity: 1
Record 2 resolved to entity: 2

âœ… Records resolved to different entities - good for force resolve demonstration.

3. Entity details before force resolve:
Entity 1: Entity 1 with 1 record(s)
Entity 2: Entity 2 with 1 record(s)

4. Performing force resolve...
Reevaluate info: {"AFFECTED_ENTITIES":[{"ENTITY_ID":1}]}

5. Alternative: Using load flags to encourage resolution...
Reload info: {"DATA_SOURCE":"TEST","RECORD_ID":"FORCE_RESOLVE_1","AFFECTED_ENTITIES":[]}

6. Final entity state:
Entity 1: Entity 1 with 1 record(s)
Entity 2: Entity 2 with 1 record(s)

7. Why analysis for entity resolution:
Why entities result: {"WHY_RESULTS":[{"ENTITY_ID":1,"ENTITY_ID_2":2,"MATCH_INFO":{"WHY_KEY":"","WHY_ERRULE_CODE":"","MATCH_LEVEL_CODE":"","CANDIDATE_KEYS":{},"FEATURE_SCORES":{},"DISCLOSED_RELATIONS":{}}}],"ENTITIES":[{"RESOLVED_ENTITY":{"ENTITY_ID":1}},{"RESOLVED_ENTITY":{"ENTITY_ID":2}}]}

8. Cleaning up test records...
Test records deleted.
Cleaning up environment for configuration reinitialization...
Destroying global SzEnvironmentCore instance and all modules...
âœ… Global SzEnvironmentCore instance destroyed completely
âœ… Environment cleanup complete

âœ… Force Resolve example completed successfully!
[21/22] Processing: stewardship/force_unresolve
======================================
    Checking sz-rust-sdk v0.1.0 (/home/bmacy/open_dev/sz-rust-sdk)
    Checking force_unresolve v0.1.0 (/home/bmacy/open_dev/sz-rust-sdk/code-snippets/rust/snippets/stewardship/force_unresolve)
    Finished `dev` profile [unoptimized + debuginfo] target(s) in 0.15s
   Compiling sz-rust-sdk v0.1.0 (/home/bmacy/open_dev/sz-rust-sdk)
   Compiling force_unresolve v0.1.0 (/home/bmacy/open_dev/sz-rust-sdk/code-snippets/rust/snippets/stewardship/force_unresolve)
    Finished `dev` profile [unoptimized + debuginfo] target(s) in 0.43s
     Running `target/debug/main`
Created test database: /tmp/senzing_test_1866337296c09f9b.db
Setting up initial configuration in database...
âœ… Initial configuration setup complete with ID: 3075461135
Using shared test database: /tmp/senzing_test_1866337296c09f9b.db
Getting singleton SzEnvironmentCore instance with isolated database
Creating singleton SzEnvironmentCore instance...
Force Unresolve Example
=======================

1. Loading records that will likely resolve together...
Loaded record 1 with info: {"DATA_SOURCE":"TEST","RECORD_ID":"FORCE_UNRESOLVE_1","AFFECTED_ENTITIES":[{"ENTITY_ID":1}]}
Loaded record 2 with info: {"DATA_SOURCE":"TEST","RECORD_ID":"FORCE_UNRESOLVE_2","AFFECTED_ENTITIES":[{"ENTITY_ID":1}]}
Loaded record 3 with info: {"DATA_SOURCE":"TEST","RECORD_ID":"FORCE_UNRESOLVE_3","AFFECTED_ENTITIES":[{"ENTITY_ID":1}]}

2. Entity IDs after loading:
Record 1 resolved to entity: 1
Record 2 resolved to entity: 1
Record 3 resolved to entity: 1

âœ… All records resolved to the same entity (1)

3. Entity details before force unresolve:
Entity: Entity 1 with 3 record(s): ["FORCE_UNRESOLVE_1", "FORCE_UNRESOLVE_2", "FORCE_UNRESOLVE_3"]

4. Performing force unresolve operation...
Deleting record 2 to separate it from the entity...
Delete info: {"DATA_SOURCE":"TEST","RECORD_ID":"FORCE_UNRESOLVE_2","AFFECTED_ENTITIES":[{"ENTITY_ID":1}]}
Reloading record 2 with modified data to encourage separation...
Reload info: {"DATA_SOURCE":"TEST","RECORD_ID":"FORCE_UNRESOLVE_2","AFFECTED_ENTITIES":[{"ENTITY_ID":4}]}

5. Results after force unresolve:
Original entity 1 (should have fewer records now)
New/separate entity 4 for the unresolved record
Updated original entity: Entity 1 with 2 record(s): ["FORCE_UNRESOLVE_1", "FORCE_UNRESOLVE_3"]
New separate entity: Entity 4 with 1 record(s): ["FORCE_UNRESOLVE_2"]

6. Why analysis for the unresolve operation:
Why entities result: {"WHY_RESULTS":[{"ENTITY_ID":1,"ENTITY_ID_2":4,"MATCH_INFO":{"WHY_KEY":"+NAME","WHY_ERRULE_CODE":"SNAME","MATCH_LEVEL_CODE":"POSSIBLY_SAME","CANDIDATE_KEYS":{"NAME_KEY":[{"FEAT_ID":5,"FEAT_DESC":"JN|RPRT"},{"FEAT_ID":6,"FEAT_DESC":"JNSN|RPRT"}]},"FEATURE_SCORES":{"ADDRESS":[{"INBOUND_FEAT_ID":2,"INBOUND_FEAT_DESC":"789 Pine St, Anytown, NY 10001","CANDIDATE_FEAT_ID":41,"CANDIDATE_FEAT_DESC":"456 Different St, Otherville, NY 10002","SCORE":45,"ADDITIONAL_SCORES":{"FULL_SCORE":45},"SCORE_BUCKET":"NO_CHANCE","SCORE_BEHAVIOR":"FF"}],"EMAIL":[{"INBOUND_FEAT_ID":4,"INBOUND_FEAT_DESC":"robert.johnson@example.com","CANDIDATE_FEAT_ID":42,"CANDIDATE_FEAT_DESC":"bobby.johnson@different.com","SCORE":0,"ADDITIONAL_SCORES":{"FULL_SCORE":0},"SCORE_BUCKET":"NO_CHANCE","SCORE_BEHAVIOR":"F1"}],"NAME":[{"INBOUND_FEAT_ID":1,"INBOUND_FEAT_DESC":"Robert Johnson","CANDIDATE_FEAT_ID":40,"CANDIDATE_FEAT_DESC":"Bobby Johnson","SCORE":97,"ADDITIONAL_SCORES":{"GNR_FN":97,"GNR_SN":100,"GNR_GN":95,"GENERATION_MATCH":-1,"GNR_ON":-1},"SCORE_BUCKET":"CLOSE","SCORE_BEHAVIOR":"NAME"}]},"DISCLOSED_RELATIONS":{}}}],"ENTITIES":[{"RESOLVED_ENTITY":{"ENTITY_ID":1}},{"RESOLVED_ENTITY":{"ENTITY_ID":4}}]}

7. Alternative: Using reevaluate to force reconsideration...
Reevaluate info: {"AFFECTED_ENTITIES":[{"ENTITY_ID":1}]}

8. Final entity states:
Final original entity: Entity 1 with 2 record(s): ["FORCE_UNRESOLVE_1", "FORCE_UNRESOLVE_3"]
Final separate entity: Entity 4 with 1 record(s): ["FORCE_UNRESOLVE_2"]

9. Cleaning up test records...
Test records deleted.
Cleaning up environment for configuration reinitialization...
Destroying global SzEnvironmentCore instance and all modules...
âœ… Global SzEnvironmentCore instance destroyed completely
âœ… Environment cleanup complete

âœ… Force Unresolve example completed successfully!
[22/22] Processing: initialization/purge_repository
======================================
    Checking sz-rust-sdk v0.1.0 (/home/bmacy/open_dev/sz-rust-sdk)
    Checking purge_repository v0.1.0 (/home/bmacy/open_dev/sz-rust-sdk/code-snippets/rust/snippets/initialization/purge_repository)
    Finished `dev` profile [unoptimized + debuginfo] target(s) in 0.15s
   Compiling sz-rust-sdk v0.1.0 (/home/bmacy/open_dev/sz-rust-sdk)
   Compiling purge_repository v0.1.0 (/home/bmacy/open_dev/sz-rust-sdk/code-snippets/rust/snippets/initialization/purge_repository)
    Finished `dev` profile [unoptimized + debuginfo] target(s) in 0.41s
     Running `target/debug/main --auto-confirm`
Running in non-interactive mode (auto-confirmed for testing)
Created test database: /tmp/senzing_test_1866337508afed8a.db
Setting up initial configuration in database...
âœ… Initial configuration setup complete with ID: 3075461135
Using shared test database: /tmp/senzing_test_1866337508afed8a.db
Getting singleton SzEnvironmentCore instance with isolated database
Creating singleton SzEnvironmentCore instance...
Starting repository purge...
âœ… Repository purge completed successfully!
All data has been removed from the Senzing datastore.
Cleaning up environment for configuration reinitialization...
Destroying global SzEnvironmentCore instance and all modules...
âœ… Global SzEnvironmentCore instance destroyed completely
âœ… Environment cleanup complete
